The system is: Linux - 4.1.12-gentoo - x86_64
Compiling the C compiler identification source file "CMakeCCompilerId.c" succeeded.
Compiler: /usr/bin/cc 
Build flags: 
Id flags: 

The output was:
0


Compilation of the C compiler identification source "CMakeCCompilerId.c" produced "a.out"

The C compiler identification is GNU, found in "/home/lu-tze/research/projects/Morpheus/deps/pugixml/scripts/CMakeFiles/3.3.1/CompilerIdC/a.out"

Compiling the CXX compiler identification source file "CMakeCXXCompilerId.cpp" succeeded.
Compiler: /usr/bin/c++ 
Build flags: 
Id flags: 

The output was:
0


Compilation of the CXX compiler identification source "CMakeCXXCompilerId.cpp" produced "a.out"

The CXX compiler identification is GNU, found in "/home/lu-tze/research/projects/Morpheus/deps/pugixml/scripts/CMakeFiles/3.3.1/CompilerIdCXX/a.out"

Determining if the C compiler works passed with the following output:
Change Dir: /home/lu-tze/research/projects/Morpheus/deps/pugixml/scripts/CMakeFiles/CMakeTmp

Run Build Command:"/usr/bin/gmake" "cmTC_05f17/fast"
gmake[3]: Entering directory '/mnt/floppy/research/projects/Morpheus/deps/pugixml/scripts/CMakeFiles/CMakeTmp'
/usr/bin/gmake -f CMakeFiles/cmTC_05f17.dir/build.make CMakeFiles/cmTC_05f17.dir/build
gmake[4]: Entering directory '/mnt/floppy/research/projects/Morpheus/deps/pugixml/scripts/CMakeFiles/CMakeTmp'
Building C object CMakeFiles/cmTC_05f17.dir/testCCompiler.c.o
/usr/bin/cc    -o CMakeFiles/cmTC_05f17.dir/testCCompiler.c.o   -c /home/lu-tze/research/projects/Morpheus/deps/pugixml/scripts/CMakeFiles/CMakeTmp/testCCompiler.c
Linking C executable cmTC_05f17
/usr/bin/cmake -E cmake_link_script CMakeFiles/cmTC_05f17.dir/link.txt --verbose=1
/usr/bin/cc       CMakeFiles/cmTC_05f17.dir/testCCompiler.c.o  -o cmTC_05f17 -rdynamic 
gmake[4]: Leaving directory '/mnt/floppy/research/projects/Morpheus/deps/pugixml/scripts/CMakeFiles/CMakeTmp'
gmake[3]: Leaving directory '/mnt/floppy/research/projects/Morpheus/deps/pugixml/scripts/CMakeFiles/CMakeTmp'


Detecting C compiler ABI info compiled with the following output:
Change Dir: /home/lu-tze/research/projects/Morpheus/deps/pugixml/scripts/CMakeFiles/CMakeTmp

Run Build Command:"/usr/bin/gmake" "cmTC_5b57b/fast"
gmake[3]: Entering directory '/mnt/floppy/research/projects/Morpheus/deps/pugixml/scripts/CMakeFiles/CMakeTmp'
/usr/bin/gmake -f CMakeFiles/cmTC_5b57b.dir/build.make CMakeFiles/cmTC_5b57b.dir/build
gmake[4]: Entering directory '/mnt/floppy/research/projects/Morpheus/deps/pugixml/scripts/CMakeFiles/CMakeTmp'
Building C object CMakeFiles/cmTC_5b57b.dir/CMakeCCompilerABI.c.o
/usr/bin/cc    -o CMakeFiles/cmTC_5b57b.dir/CMakeCCompilerABI.c.o   -c /usr/share/cmake/Modules/CMakeCCompilerABI.c
Linking C executable cmTC_5b57b
/usr/bin/cmake -E cmake_link_script CMakeFiles/cmTC_5b57b.dir/link.txt --verbose=1
/usr/bin/cc      -v CMakeFiles/cmTC_5b57b.dir/CMakeCCompilerABI.c.o  -o cmTC_5b57b -rdynamic  
Using built-in specs.
COLLECT_GCC=/usr/x86_64-pc-linux-gnu/gcc-bin/4.9.3/gcc
COLLECT_LTO_WRAPPER=/usr/libexec/gcc/x86_64-pc-linux-gnu/4.9.3/lto-wrapper
Target: x86_64-pc-linux-gnu
Configured with: /var/tmp/portage/sys-devel/gcc-4.9.3/work/gcc-4.9.3/configure --host=x86_64-pc-linux-gnu --build=x86_64-pc-linux-gnu --prefix=/usr --bindir=/usr/x86_64-pc-linux-gnu/gcc-bin/4.9.3 --includedir=/usr/lib/gcc/x86_64-pc-linux-gnu/4.9.3/include --datadir=/usr/share/gcc-data/x86_64-pc-linux-gnu/4.9.3 --mandir=/usr/share/gcc-data/x86_64-pc-linux-gnu/4.9.3/man --infodir=/usr/share/gcc-data/x86_64-pc-linux-gnu/4.9.3/info --with-gxx-include-dir=/usr/lib/gcc/x86_64-pc-linux-gnu/4.9.3/include/g++-v4 --with-python-dir=/share/gcc-data/x86_64-pc-linux-gnu/4.9.3/python --enable-languages=c,c++,fortran --enable-obsolete --enable-secureplt --disable-werror --with-system-zlib --enable-nls --without-included-gettext --enable-checking=release --with-bugurl=https://bugs.gentoo.org/ --with-pkgversion='Gentoo 4.9.3 p1.5, pie-0.6.4' --enable-libstdcxx-time --enable-shared --enable-threads=posix --enable-__cxa_atexit --enable-clocale=gnu --enable-multilib --with-multilib-list=m32,m64 --disable-altivec --disable-fixed-point --enable-targets=all --disable-libgcj --enable-libgomp --disable-libmudflap --disable-libssp --disable-libcilkrts --enable-lto --with-cloog --disable-isl-version-check --enable-libsanitizer
Thread model: posix
gcc version 4.9.3 (Gentoo 4.9.3 p1.5, pie-0.6.4) 
COMPILER_PATH=/usr/libexec/gcc/x86_64-pc-linux-gnu/4.9.3/:/usr/libexec/gcc/x86_64-pc-linux-gnu/4.9.3/:/usr/libexec/gcc/x86_64-pc-linux-gnu/:/usr/lib/gcc/x86_64-pc-linux-gnu/4.9.3/:/usr/lib/gcc/x86_64-pc-linux-gnu/:/usr/lib/gcc/x86_64-pc-linux-gnu/4.9.3/../../../../x86_64-pc-linux-gnu/bin/
LIBRARY_PATH=/usr/lib/gcc/x86_64-pc-linux-gnu/4.9.3/:/usr/lib/gcc/x86_64-pc-linux-gnu/4.9.3/../../../../lib64/:/lib/../lib64/:/usr/lib/../lib64/:/usr/lib/gcc/x86_64-pc-linux-gnu/4.9.3/../../../../x86_64-pc-linux-gnu/lib/:/usr/lib/gcc/x86_64-pc-linux-gnu/4.9.3/../../../:/lib/:/usr/lib/
COLLECT_GCC_OPTIONS='-v' '-o' 'cmTC_5b57b' '-rdynamic' '-mtune=generic' '-march=x86-64'
 /usr/libexec/gcc/x86_64-pc-linux-gnu/4.9.3/collect2 -plugin /usr/libexec/gcc/x86_64-pc-linux-gnu/4.9.3/liblto_plugin.so -plugin-opt=/usr/libexec/gcc/x86_64-pc-linux-gnu/4.9.3/lto-wrapper -plugin-opt=-fresolution=/tmp/ccCmo70C.res -plugin-opt=-pass-through=-lgcc -plugin-opt=-pass-through=-lgcc_s -plugin-opt=-pass-through=-lc -plugin-opt=-pass-through=-lgcc -plugin-opt=-pass-through=-lgcc_s --eh-frame-hdr -m elf_x86_64 -export-dynamic -dynamic-linker /lib64/ld-linux-x86-64.so.2 -o cmTC_5b57b /usr/lib/gcc/x86_64-pc-linux-gnu/4.9.3/../../../../lib64/crt1.o /usr/lib/gcc/x86_64-pc-linux-gnu/4.9.3/../../../../lib64/crti.o /usr/lib/gcc/x86_64-pc-linux-gnu/4.9.3/crtbegin.o -L/usr/lib/gcc/x86_64-pc-linux-gnu/4.9.3 -L/usr/lib/gcc/x86_64-pc-linux-gnu/4.9.3/../../../../lib64 -L/lib/../lib64 -L/usr/lib/../lib64 -L/usr/lib/gcc/x86_64-pc-linux-gnu/4.9.3/../../../../x86_64-pc-linux-gnu/lib -L/usr/lib/gcc/x86_64-pc-linux-gnu/4.9.3/../../.. CMakeFiles/cmTC_5b57b.dir/CMakeCCompilerABI.c.o -lgcc --as-needed -lgcc_s --no-as-needed -lc -lgcc --as-needed -lgcc_s --no-as-needed /usr/lib/gcc/x86_64-pc-linux-gnu/4.9.3/crtend.o /usr/lib/gcc/x86_64-pc-linux-gnu/4.9.3/../../../../lib64/crtn.o
gmake[4]: Leaving directory '/mnt/floppy/research/projects/Morpheus/deps/pugixml/scripts/CMakeFiles/CMakeTmp'
gmake[3]: Leaving directory '/mnt/floppy/research/projects/Morpheus/deps/pugixml/scripts/CMakeFiles/CMakeTmp'


Parsed C implicit link information from above output:
  link line regex: [^( *|.*[/\])(ld|([^/\]+-)?ld|collect2)[^/\]*( |$)]
  ignore line: [Change Dir: /home/lu-tze/research/projects/Morpheus/deps/pugixml/scripts/CMakeFiles/CMakeTmp]
  ignore line: []
  ignore line: [Run Build Command:"/usr/bin/gmake" "cmTC_5b57b/fast"]
  ignore line: [gmake[3]: Entering directory '/mnt/floppy/research/projects/Morpheus/deps/pugixml/scripts/CMakeFiles/CMakeTmp']
  ignore line: [/usr/bin/gmake -f CMakeFiles/cmTC_5b57b.dir/build.make CMakeFiles/cmTC_5b57b.dir/build]
  ignore line: [gmake[4]: Entering directory '/mnt/floppy/research/projects/Morpheus/deps/pugixml/scripts/CMakeFiles/CMakeTmp']
  ignore line: [Building C object CMakeFiles/cmTC_5b57b.dir/CMakeCCompilerABI.c.o]
  ignore line: [/usr/bin/cc    -o CMakeFiles/cmTC_5b57b.dir/CMakeCCompilerABI.c.o   -c /usr/share/cmake/Modules/CMakeCCompilerABI.c]
  ignore line: [Linking C executable cmTC_5b57b]
  ignore line: [/usr/bin/cmake -E cmake_link_script CMakeFiles/cmTC_5b57b.dir/link.txt --verbose=1]
  ignore line: [/usr/bin/cc      -v CMakeFiles/cmTC_5b57b.dir/CMakeCCompilerABI.c.o  -o cmTC_5b57b -rdynamic  ]
  ignore line: [Using built-in specs.]
  ignore line: [COLLECT_GCC=/usr/x86_64-pc-linux-gnu/gcc-bin/4.9.3/gcc]
  ignore line: [COLLECT_LTO_WRAPPER=/usr/libexec/gcc/x86_64-pc-linux-gnu/4.9.3/lto-wrapper]
  ignore line: [Target: x86_64-pc-linux-gnu]
  ignore line: [Configured with: /var/tmp/portage/sys-devel/gcc-4.9.3/work/gcc-4.9.3/configure --host=x86_64-pc-linux-gnu --build=x86_64-pc-linux-gnu --prefix=/usr --bindir=/usr/x86_64-pc-linux-gnu/gcc-bin/4.9.3 --includedir=/usr/lib/gcc/x86_64-pc-linux-gnu/4.9.3/include --datadir=/usr/share/gcc-data/x86_64-pc-linux-gnu/4.9.3 --mandir=/usr/share/gcc-data/x86_64-pc-linux-gnu/4.9.3/man --infodir=/usr/share/gcc-data/x86_64-pc-linux-gnu/4.9.3/info --with-gxx-include-dir=/usr/lib/gcc/x86_64-pc-linux-gnu/4.9.3/include/g++-v4 --with-python-dir=/share/gcc-data/x86_64-pc-linux-gnu/4.9.3/python --enable-languages=c,c++,fortran --enable-obsolete --enable-secureplt --disable-werror --with-system-zlib --enable-nls --without-included-gettext --enable-checking=release --with-bugurl=https://bugs.gentoo.org/ --with-pkgversion='Gentoo 4.9.3 p1.5, pie-0.6.4' --enable-libstdcxx-time --enable-shared --enable-threads=posix --enable-__cxa_atexit --enable-clocale=gnu --enable-multilib --with-multilib-list=m32,m64 --disable-altivec --disable-fixed-point --enable-targets=all --disable-libgcj --enable-libgomp --disable-libmudflap --disable-libssp --disable-libcilkrts --enable-lto --with-cloog --disable-isl-version-check --enable-libsanitizer]
  ignore line: [Thread model: posix]
  ignore line: [gcc version 4.9.3 (Gentoo 4.9.3 p1.5, pie-0.6.4) ]
  ignore line: [COMPILER_PATH=/usr/libexec/gcc/x86_64-pc-linux-gnu/4.9.3/:/usr/libexec/gcc/x86_64-pc-linux-gnu/4.9.3/:/usr/libexec/gcc/x86_64-pc-linux-gnu/:/usr/lib/gcc/x86_64-pc-linux-gnu/4.9.3/:/usr/lib/gcc/x86_64-pc-linux-gnu/:/usr/lib/gcc/x86_64-pc-linux-gnu/4.9.3/../../../../x86_64-pc-linux-gnu/bin/]
  ignore line: [LIBRARY_PATH=/usr/lib/gcc/x86_64-pc-linux-gnu/4.9.3/:/usr/lib/gcc/x86_64-pc-linux-gnu/4.9.3/../../../../lib64/:/lib/../lib64/:/usr/lib/../lib64/:/usr/lib/gcc/x86_64-pc-linux-gnu/4.9.3/../../../../x86_64-pc-linux-gnu/lib/:/usr/lib/gcc/x86_64-pc-linux-gnu/4.9.3/../../../:/lib/:/usr/lib/]
  ignore line: [COLLECT_GCC_OPTIONS='-v' '-o' 'cmTC_5b57b' '-rdynamic' '-mtune=generic' '-march=x86-64']
  link line: [ /usr/libexec/gcc/x86_64-pc-linux-gnu/4.9.3/collect2 -plugin /usr/libexec/gcc/x86_64-pc-linux-gnu/4.9.3/liblto_plugin.so -plugin-opt=/usr/libexec/gcc/x86_64-pc-linux-gnu/4.9.3/lto-wrapper -plugin-opt=-fresolution=/tmp/ccCmo70C.res -plugin-opt=-pass-through=-lgcc -plugin-opt=-pass-through=-lgcc_s -plugin-opt=-pass-through=-lc -plugin-opt=-pass-through=-lgcc -plugin-opt=-pass-through=-lgcc_s --eh-frame-hdr -m elf_x86_64 -export-dynamic -dynamic-linker /lib64/ld-linux-x86-64.so.2 -o cmTC_5b57b /usr/lib/gcc/x86_64-pc-linux-gnu/4.9.3/../../../../lib64/crt1.o /usr/lib/gcc/x86_64-pc-linux-gnu/4.9.3/../../../../lib64/crti.o /usr/lib/gcc/x86_64-pc-linux-gnu/4.9.3/crtbegin.o -L/usr/lib/gcc/x86_64-pc-linux-gnu/4.9.3 -L/usr/lib/gcc/x86_64-pc-linux-gnu/4.9.3/../../../../lib64 -L/lib/../lib64 -L/usr/lib/../lib64 -L/usr/lib/gcc/x86_64-pc-linux-gnu/4.9.3/../../../../x86_64-pc-linux-gnu/lib -L/usr/lib/gcc/x86_64-pc-linux-gnu/4.9.3/../../.. CMakeFiles/cmTC_5b57b.dir/CMakeCCompilerABI.c.o -lgcc --as-needed -lgcc_s --no-as-needed -lc -lgcc --as-needed -lgcc_s --no-as-needed /usr/lib/gcc/x86_64-pc-linux-gnu/4.9.3/crtend.o /usr/lib/gcc/x86_64-pc-linux-gnu/4.9.3/../../../../lib64/crtn.o]
    arg [/usr/libexec/gcc/x86_64-pc-linux-gnu/4.9.3/collect2] ==> ignore
    arg [-plugin] ==> ignore
    arg [/usr/libexec/gcc/x86_64-pc-linux-gnu/4.9.3/liblto_plugin.so] ==> ignore
    arg [-plugin-opt=/usr/libexec/gcc/x86_64-pc-linux-gnu/4.9.3/lto-wrapper] ==> ignore
    arg [-plugin-opt=-fresolution=/tmp/ccCmo70C.res] ==> ignore
    arg [-plugin-opt=-pass-through=-lgcc] ==> ignore
    arg [-plugin-opt=-pass-through=-lgcc_s] ==> ignore
    arg [-plugin-opt=-pass-through=-lc] ==> ignore
    arg [-plugin-opt=-pass-through=-lgcc] ==> ignore
    arg [-plugin-opt=-pass-through=-lgcc_s] ==> ignore
    arg [--eh-frame-hdr] ==> ignore
    arg [-m] ==> ignore
    arg [elf_x86_64] ==> ignore
    arg [-export-dynamic] ==> ignore
    arg [-dynamic-linker] ==> ignore
    arg [/lib64/ld-linux-x86-64.so.2] ==> ignore
    arg [-o] ==> ignore
    arg [cmTC_5b57b] ==> ignore
    arg [/usr/lib/gcc/x86_64-pc-linux-gnu/4.9.3/../../../../lib64/crt1.o] ==> ignore
    arg [/usr/lib/gcc/x86_64-pc-linux-gnu/4.9.3/../../../../lib64/crti.o] ==> ignore
    arg [/usr/lib/gcc/x86_64-pc-linux-gnu/4.9.3/crtbegin.o] ==> ignore
    arg [-L/usr/lib/gcc/x86_64-pc-linux-gnu/4.9.3] ==> dir [/usr/lib/gcc/x86_64-pc-linux-gnu/4.9.3]
    arg [-L/usr/lib/gcc/x86_64-pc-linux-gnu/4.9.3/../../../../lib64] ==> dir [/usr/lib/gcc/x86_64-pc-linux-gnu/4.9.3/../../../../lib64]
    arg [-L/lib/../lib64] ==> dir [/lib/../lib64]
    arg [-L/usr/lib/../lib64] ==> dir [/usr/lib/../lib64]
    arg [-L/usr/lib/gcc/x86_64-pc-linux-gnu/4.9.3/../../../../x86_64-pc-linux-gnu/lib] ==> dir [/usr/lib/gcc/x86_64-pc-linux-gnu/4.9.3/../../../../x86_64-pc-linux-gnu/lib]
    arg [-L/usr/lib/gcc/x86_64-pc-linux-gnu/4.9.3/../../..] ==> dir [/usr/lib/gcc/x86_64-pc-linux-gnu/4.9.3/../../..]
    arg [CMakeFiles/cmTC_5b57b.dir/CMakeCCompilerABI.c.o] ==> ignore
    arg [-lgcc] ==> lib [gcc]
    arg [--as-needed] ==> ignore
    arg [-lgcc_s] ==> lib [gcc_s]
    arg [--no-as-needed] ==> ignore
    arg [-lc] ==> lib [c]
    arg [-lgcc] ==> lib [gcc]
    arg [--as-needed] ==> ignore
    arg [-lgcc_s] ==> lib [gcc_s]
    arg [--no-as-needed] ==> ignore
    arg [/usr/lib/gcc/x86_64-pc-linux-gnu/4.9.3/crtend.o] ==> ignore
    arg [/usr/lib/gcc/x86_64-pc-linux-gnu/4.9.3/../../../../lib64/crtn.o] ==> ignore
  remove lib [gcc]
  remove lib [gcc_s]
  remove lib [gcc]
  remove lib [gcc_s]
  collapse library dir [/usr/lib/gcc/x86_64-pc-linux-gnu/4.9.3] ==> [/usr/lib/gcc/x86_64-pc-linux-gnu/4.9.3]
  collapse library dir [/usr/lib/gcc/x86_64-pc-linux-gnu/4.9.3/../../../../lib64] ==> [/usr/lib64]
  collapse library dir [/lib/../lib64] ==> [/lib64]
  collapse library dir [/usr/lib/../lib64] ==> [/usr/lib64]
  collapse library dir [/usr/lib/gcc/x86_64-pc-linux-gnu/4.9.3/../../../../x86_64-pc-linux-gnu/lib] ==> [/usr/x86_64-pc-linux-gnu/lib]
  collapse library dir [/usr/lib/gcc/x86_64-pc-linux-gnu/4.9.3/../../..] ==> [/usr/lib]
  implicit libs: [c]
  implicit dirs: [/usr/lib/gcc/x86_64-pc-linux-gnu/4.9.3;/usr/lib64;/lib64;/usr/x86_64-pc-linux-gnu/lib;/usr/lib]
  implicit fwks: []




Detecting C [-std=c11] compiler features compiled with the following output:
Change Dir: /home/lu-tze/research/projects/Morpheus/deps/pugixml/scripts/CMakeFiles/CMakeTmp

Run Build Command:"/usr/bin/gmake" "cmTC_d3421/fast"
gmake[3]: Entering directory '/mnt/floppy/research/projects/Morpheus/deps/pugixml/scripts/CMakeFiles/CMakeTmp'
/usr/bin/gmake -f CMakeFiles/cmTC_d3421.dir/build.make CMakeFiles/cmTC_d3421.dir/build
gmake[4]: Entering directory '/mnt/floppy/research/projects/Morpheus/deps/pugixml/scripts/CMakeFiles/CMakeTmp'
Building C object CMakeFiles/cmTC_d3421.dir/feature_tests.c.o
/usr/bin/cc   -std=c11 -o CMakeFiles/cmTC_d3421.dir/feature_tests.c.o   -c /home/lu-tze/research/projects/Morpheus/deps/pugixml/scripts/CMakeFiles/feature_tests.c
Linking C executable cmTC_d3421
/usr/bin/cmake -E cmake_link_script CMakeFiles/cmTC_d3421.dir/link.txt --verbose=1
/usr/bin/cc       CMakeFiles/cmTC_d3421.dir/feature_tests.c.o  -o cmTC_d3421 -rdynamic 
gmake[4]: Leaving directory '/mnt/floppy/research/projects/Morpheus/deps/pugixml/scripts/CMakeFiles/CMakeTmp'
gmake[3]: Leaving directory '/mnt/floppy/research/projects/Morpheus/deps/pugixml/scripts/CMakeFiles/CMakeTmp'


    Feature record: C_FEATURE:1c_function_prototypes
    Feature record: C_FEATURE:1c_restrict
    Feature record: C_FEATURE:1c_static_assert
    Feature record: C_FEATURE:1c_variadic_macros


Detecting C [-std=c99] compiler features compiled with the following output:
Change Dir: /home/lu-tze/research/projects/Morpheus/deps/pugixml/scripts/CMakeFiles/CMakeTmp

Run Build Command:"/usr/bin/gmake" "cmTC_84cf0/fast"
gmake[3]: Entering directory '/mnt/floppy/research/projects/Morpheus/deps/pugixml/scripts/CMakeFiles/CMakeTmp'
/usr/bin/gmake -f CMakeFiles/cmTC_84cf0.dir/build.make CMakeFiles/cmTC_84cf0.dir/build
gmake[4]: Entering directory '/mnt/floppy/research/projects/Morpheus/deps/pugixml/scripts/CMakeFiles/CMakeTmp'
Building C object CMakeFiles/cmTC_84cf0.dir/feature_tests.c.o
/usr/bin/cc   -std=c99 -o CMakeFiles/cmTC_84cf0.dir/feature_tests.c.o   -c /home/lu-tze/research/projects/Morpheus/deps/pugixml/scripts/CMakeFiles/feature_tests.c
Linking C executable cmTC_84cf0
/usr/bin/cmake -E cmake_link_script CMakeFiles/cmTC_84cf0.dir/link.txt --verbose=1
/usr/bin/cc       CMakeFiles/cmTC_84cf0.dir/feature_tests.c.o  -o cmTC_84cf0 -rdynamic 
gmake[4]: Leaving directory '/mnt/floppy/research/projects/Morpheus/deps/pugixml/scripts/CMakeFiles/CMakeTmp'
gmake[3]: Leaving directory '/mnt/floppy/research/projects/Morpheus/deps/pugixml/scripts/CMakeFiles/CMakeTmp'


    Feature record: C_FEATURE:1c_function_prototypes
    Feature record: C_FEATURE:1c_restrict
    Feature record: C_FEATURE:0c_static_assert
    Feature record: C_FEATURE:1c_variadic_macros


Detecting C [-std=c90] compiler features compiled with the following output:
Change Dir: /home/lu-tze/research/projects/Morpheus/deps/pugixml/scripts/CMakeFiles/CMakeTmp

Run Build Command:"/usr/bin/gmake" "cmTC_37b9d/fast"
gmake[3]: Entering directory '/mnt/floppy/research/projects/Morpheus/deps/pugixml/scripts/CMakeFiles/CMakeTmp'
/usr/bin/gmake -f CMakeFiles/cmTC_37b9d.dir/build.make CMakeFiles/cmTC_37b9d.dir/build
gmake[4]: Entering directory '/mnt/floppy/research/projects/Morpheus/deps/pugixml/scripts/CMakeFiles/CMakeTmp'
Building C object CMakeFiles/cmTC_37b9d.dir/feature_tests.c.o
/usr/bin/cc   -std=c90 -o CMakeFiles/cmTC_37b9d.dir/feature_tests.c.o   -c /home/lu-tze/research/projects/Morpheus/deps/pugixml/scripts/CMakeFiles/feature_tests.c
Linking C executable cmTC_37b9d
/usr/bin/cmake -E cmake_link_script CMakeFiles/cmTC_37b9d.dir/link.txt --verbose=1
/usr/bin/cc       CMakeFiles/cmTC_37b9d.dir/feature_tests.c.o  -o cmTC_37b9d -rdynamic 
gmake[4]: Leaving directory '/mnt/floppy/research/projects/Morpheus/deps/pugixml/scripts/CMakeFiles/CMakeTmp'
gmake[3]: Leaving directory '/mnt/floppy/research/projects/Morpheus/deps/pugixml/scripts/CMakeFiles/CMakeTmp'


    Feature record: C_FEATURE:1c_function_prototypes
    Feature record: C_FEATURE:0c_restrict
    Feature record: C_FEATURE:0c_static_assert
    Feature record: C_FEATURE:0c_variadic_macros
Determining if the CXX compiler works passed with the following output:
Change Dir: /home/lu-tze/research/projects/Morpheus/deps/pugixml/scripts/CMakeFiles/CMakeTmp

Run Build Command:"/usr/bin/gmake" "cmTC_42c9e/fast"
gmake[3]: Entering directory '/mnt/floppy/research/projects/Morpheus/deps/pugixml/scripts/CMakeFiles/CMakeTmp'
/usr/bin/gmake -f CMakeFiles/cmTC_42c9e.dir/build.make CMakeFiles/cmTC_42c9e.dir/build
gmake[4]: Entering directory '/mnt/floppy/research/projects/Morpheus/deps/pugixml/scripts/CMakeFiles/CMakeTmp'
Building CXX object CMakeFiles/cmTC_42c9e.dir/testCXXCompiler.cxx.o
/usr/bin/c++     -o CMakeFiles/cmTC_42c9e.dir/testCXXCompiler.cxx.o -c /home/lu-tze/research/projects/Morpheus/deps/pugixml/scripts/CMakeFiles/CMakeTmp/testCXXCompiler.cxx
Linking CXX executable cmTC_42c9e
/usr/bin/cmake -E cmake_link_script CMakeFiles/cmTC_42c9e.dir/link.txt --verbose=1
/usr/bin/c++        CMakeFiles/cmTC_42c9e.dir/testCXXCompiler.cxx.o  -o cmTC_42c9e -rdynamic 
gmake[4]: Leaving directory '/mnt/floppy/research/projects/Morpheus/deps/pugixml/scripts/CMakeFiles/CMakeTmp'
gmake[3]: Leaving directory '/mnt/floppy/research/projects/Morpheus/deps/pugixml/scripts/CMakeFiles/CMakeTmp'


Detecting CXX compiler ABI info compiled with the following output:
Change Dir: /home/lu-tze/research/projects/Morpheus/deps/pugixml/scripts/CMakeFiles/CMakeTmp

Run Build Command:"/usr/bin/gmake" "cmTC_f1d07/fast"
gmake[3]: Entering directory '/mnt/floppy/research/projects/Morpheus/deps/pugixml/scripts/CMakeFiles/CMakeTmp'
/usr/bin/gmake -f CMakeFiles/cmTC_f1d07.dir/build.make CMakeFiles/cmTC_f1d07.dir/build
gmake[4]: Entering directory '/mnt/floppy/research/projects/Morpheus/deps/pugixml/scripts/CMakeFiles/CMakeTmp'
Building CXX object CMakeFiles/cmTC_f1d07.dir/CMakeCXXCompilerABI.cpp.o
/usr/bin/c++     -o CMakeFiles/cmTC_f1d07.dir/CMakeCXXCompilerABI.cpp.o -c /usr/share/cmake/Modules/CMakeCXXCompilerABI.cpp
Linking CXX executable cmTC_f1d07
/usr/bin/cmake -E cmake_link_script CMakeFiles/cmTC_f1d07.dir/link.txt --verbose=1
/usr/bin/c++       -v CMakeFiles/cmTC_f1d07.dir/CMakeCXXCompilerABI.cpp.o  -o cmTC_f1d07 -rdynamic  
Using built-in specs.
COLLECT_GCC=/usr/x86_64-pc-linux-gnu/gcc-bin/4.9.3/c++
COLLECT_LTO_WRAPPER=/usr/libexec/gcc/x86_64-pc-linux-gnu/4.9.3/lto-wrapper
Target: x86_64-pc-linux-gnu
Configured with: /var/tmp/portage/sys-devel/gcc-4.9.3/work/gcc-4.9.3/configure --host=x86_64-pc-linux-gnu --build=x86_64-pc-linux-gnu --prefix=/usr --bindir=/usr/x86_64-pc-linux-gnu/gcc-bin/4.9.3 --includedir=/usr/lib/gcc/x86_64-pc-linux-gnu/4.9.3/include --datadir=/usr/share/gcc-data/x86_64-pc-linux-gnu/4.9.3 --mandir=/usr/share/gcc-data/x86_64-pc-linux-gnu/4.9.3/man --infodir=/usr/share/gcc-data/x86_64-pc-linux-gnu/4.9.3/info --with-gxx-include-dir=/usr/lib/gcc/x86_64-pc-linux-gnu/4.9.3/include/g++-v4 --with-python-dir=/share/gcc-data/x86_64-pc-linux-gnu/4.9.3/python --enable-languages=c,c++,fortran --enable-obsolete --enable-secureplt --disable-werror --with-system-zlib --enable-nls --without-included-gettext --enable-checking=release --with-bugurl=https://bugs.gentoo.org/ --with-pkgversion='Gentoo 4.9.3 p1.5, pie-0.6.4' --enable-libstdcxx-time --enable-shared --enable-threads=posix --enable-__cxa_atexit --enable-clocale=gnu --enable-multilib --with-multilib-list=m32,m64 --disable-altivec --disable-fixed-point --enable-targets=all --disable-libgcj --enable-libgomp --disable-libmudflap --disable-libssp --disable-libcilkrts --enable-lto --with-cloog --disable-isl-version-check --enable-libsanitizer
Thread model: posix
gcc version 4.9.3 (Gentoo 4.9.3 p1.5, pie-0.6.4) 
COMPILER_PATH=/usr/libexec/gcc/x86_64-pc-linux-gnu/4.9.3/:/usr/libexec/gcc/x86_64-pc-linux-gnu/4.9.3/:/usr/libexec/gcc/x86_64-pc-linux-gnu/:/usr/lib/gcc/x86_64-pc-linux-gnu/4.9.3/:/usr/lib/gcc/x86_64-pc-linux-gnu/:/usr/lib/gcc/x86_64-pc-linux-gnu/4.9.3/../../../../x86_64-pc-linux-gnu/bin/
LIBRARY_PATH=/usr/lib/gcc/x86_64-pc-linux-gnu/4.9.3/:/usr/lib/gcc/x86_64-pc-linux-gnu/4.9.3/../../../../lib64/:/lib/../lib64/:/usr/lib/../lib64/:/usr/lib/gcc/x86_64-pc-linux-gnu/4.9.3/../../../../x86_64-pc-linux-gnu/lib/:/usr/lib/gcc/x86_64-pc-linux-gnu/4.9.3/../../../:/lib/:/usr/lib/
COLLECT_GCC_OPTIONS='-v' '-o' 'cmTC_f1d07' '-rdynamic' '-shared-libgcc' '-mtune=generic' '-march=x86-64'
 /usr/libexec/gcc/x86_64-pc-linux-gnu/4.9.3/collect2 -plugin /usr/libexec/gcc/x86_64-pc-linux-gnu/4.9.3/liblto_plugin.so -plugin-opt=/usr/libexec/gcc/x86_64-pc-linux-gnu/4.9.3/lto-wrapper -plugin-opt=-fresolution=/tmp/cct35x8U.res -plugin-opt=-pass-through=-lgcc_s -plugin-opt=-pass-through=-lgcc -plugin-opt=-pass-through=-lc -plugin-opt=-pass-through=-lgcc_s -plugin-opt=-pass-through=-lgcc --eh-frame-hdr -m elf_x86_64 -export-dynamic -dynamic-linker /lib64/ld-linux-x86-64.so.2 -o cmTC_f1d07 /usr/lib/gcc/x86_64-pc-linux-gnu/4.9.3/../../../../lib64/crt1.o /usr/lib/gcc/x86_64-pc-linux-gnu/4.9.3/../../../../lib64/crti.o /usr/lib/gcc/x86_64-pc-linux-gnu/4.9.3/crtbegin.o -L/usr/lib/gcc/x86_64-pc-linux-gnu/4.9.3 -L/usr/lib/gcc/x86_64-pc-linux-gnu/4.9.3/../../../../lib64 -L/lib/../lib64 -L/usr/lib/../lib64 -L/usr/lib/gcc/x86_64-pc-linux-gnu/4.9.3/../../../../x86_64-pc-linux-gnu/lib -L/usr/lib/gcc/x86_64-pc-linux-gnu/4.9.3/../../.. CMakeFiles/cmTC_f1d07.dir/CMakeCXXCompilerABI.cpp.o -lstdc++ -lm -lgcc_s -lgcc -lc -lgcc_s -lgcc /usr/lib/gcc/x86_64-pc-linux-gnu/4.9.3/crtend.o /usr/lib/gcc/x86_64-pc-linux-gnu/4.9.3/../../../../lib64/crtn.o
gmake[4]: Leaving directory '/mnt/floppy/research/projects/Morpheus/deps/pugixml/scripts/CMakeFiles/CMakeTmp'
gmake[3]: Leaving directory '/mnt/floppy/research/projects/Morpheus/deps/pugixml/scripts/CMakeFiles/CMakeTmp'


Parsed CXX implicit link information from above output:
  link line regex: [^( *|.*[/\])(ld|([^/\]+-)?ld|collect2)[^/\]*( |$)]
  ignore line: [Change Dir: /home/lu-tze/research/projects/Morpheus/deps/pugixml/scripts/CMakeFiles/CMakeTmp]
  ignore line: []
  ignore line: [Run Build Command:"/usr/bin/gmake" "cmTC_f1d07/fast"]
  ignore line: [gmake[3]: Entering directory '/mnt/floppy/research/projects/Morpheus/deps/pugixml/scripts/CMakeFiles/CMakeTmp']
  ignore line: [/usr/bin/gmake -f CMakeFiles/cmTC_f1d07.dir/build.make CMakeFiles/cmTC_f1d07.dir/build]
  ignore line: [gmake[4]: Entering directory '/mnt/floppy/research/projects/Morpheus/deps/pugixml/scripts/CMakeFiles/CMakeTmp']
  ignore line: [Building CXX object CMakeFiles/cmTC_f1d07.dir/CMakeCXXCompilerABI.cpp.o]
  ignore line: [/usr/bin/c++     -o CMakeFiles/cmTC_f1d07.dir/CMakeCXXCompilerABI.cpp.o -c /usr/share/cmake/Modules/CMakeCXXCompilerABI.cpp]
  ignore line: [Linking CXX executable cmTC_f1d07]
  ignore line: [/usr/bin/cmake -E cmake_link_script CMakeFiles/cmTC_f1d07.dir/link.txt --verbose=1]
  ignore line: [/usr/bin/c++       -v CMakeFiles/cmTC_f1d07.dir/CMakeCXXCompilerABI.cpp.o  -o cmTC_f1d07 -rdynamic  ]
  ignore line: [Using built-in specs.]
  ignore line: [COLLECT_GCC=/usr/x86_64-pc-linux-gnu/gcc-bin/4.9.3/c++]
  ignore line: [COLLECT_LTO_WRAPPER=/usr/libexec/gcc/x86_64-pc-linux-gnu/4.9.3/lto-wrapper]
  ignore line: [Target: x86_64-pc-linux-gnu]
  ignore line: [Configured with: /var/tmp/portage/sys-devel/gcc-4.9.3/work/gcc-4.9.3/configure --host=x86_64-pc-linux-gnu --build=x86_64-pc-linux-gnu --prefix=/usr --bindir=/usr/x86_64-pc-linux-gnu/gcc-bin/4.9.3 --includedir=/usr/lib/gcc/x86_64-pc-linux-gnu/4.9.3/include --datadir=/usr/share/gcc-data/x86_64-pc-linux-gnu/4.9.3 --mandir=/usr/share/gcc-data/x86_64-pc-linux-gnu/4.9.3/man --infodir=/usr/share/gcc-data/x86_64-pc-linux-gnu/4.9.3/info --with-gxx-include-dir=/usr/lib/gcc/x86_64-pc-linux-gnu/4.9.3/include/g++-v4 --with-python-dir=/share/gcc-data/x86_64-pc-linux-gnu/4.9.3/python --enable-languages=c,c++,fortran --enable-obsolete --enable-secureplt --disable-werror --with-system-zlib --enable-nls --without-included-gettext --enable-checking=release --with-bugurl=https://bugs.gentoo.org/ --with-pkgversion='Gentoo 4.9.3 p1.5, pie-0.6.4' --enable-libstdcxx-time --enable-shared --enable-threads=posix --enable-__cxa_atexit --enable-clocale=gnu --enable-multilib --with-multilib-list=m32,m64 --disable-altivec --disable-fixed-point --enable-targets=all --disable-libgcj --enable-libgomp --disable-libmudflap --disable-libssp --disable-libcilkrts --enable-lto --with-cloog --disable-isl-version-check --enable-libsanitizer]
  ignore line: [Thread model: posix]
  ignore line: [gcc version 4.9.3 (Gentoo 4.9.3 p1.5, pie-0.6.4) ]
  ignore line: [COMPILER_PATH=/usr/libexec/gcc/x86_64-pc-linux-gnu/4.9.3/:/usr/libexec/gcc/x86_64-pc-linux-gnu/4.9.3/:/usr/libexec/gcc/x86_64-pc-linux-gnu/:/usr/lib/gcc/x86_64-pc-linux-gnu/4.9.3/:/usr/lib/gcc/x86_64-pc-linux-gnu/:/usr/lib/gcc/x86_64-pc-linux-gnu/4.9.3/../../../../x86_64-pc-linux-gnu/bin/]
  ignore line: [LIBRARY_PATH=/usr/lib/gcc/x86_64-pc-linux-gnu/4.9.3/:/usr/lib/gcc/x86_64-pc-linux-gnu/4.9.3/../../../../lib64/:/lib/../lib64/:/usr/lib/../lib64/:/usr/lib/gcc/x86_64-pc-linux-gnu/4.9.3/../../../../x86_64-pc-linux-gnu/lib/:/usr/lib/gcc/x86_64-pc-linux-gnu/4.9.3/../../../:/lib/:/usr/lib/]
  ignore line: [COLLECT_GCC_OPTIONS='-v' '-o' 'cmTC_f1d07' '-rdynamic' '-shared-libgcc' '-mtune=generic' '-march=x86-64']
  link line: [ /usr/libexec/gcc/x86_64-pc-linux-gnu/4.9.3/collect2 -plugin /usr/libexec/gcc/x86_64-pc-linux-gnu/4.9.3/liblto_plugin.so -plugin-opt=/usr/libexec/gcc/x86_64-pc-linux-gnu/4.9.3/lto-wrapper -plugin-opt=-fresolution=/tmp/cct35x8U.res -plugin-opt=-pass-through=-lgcc_s -plugin-opt=-pass-through=-lgcc -plugin-opt=-pass-through=-lc -plugin-opt=-pass-through=-lgcc_s -plugin-opt=-pass-through=-lgcc --eh-frame-hdr -m elf_x86_64 -export-dynamic -dynamic-linker /lib64/ld-linux-x86-64.so.2 -o cmTC_f1d07 /usr/lib/gcc/x86_64-pc-linux-gnu/4.9.3/../../../../lib64/crt1.o /usr/lib/gcc/x86_64-pc-linux-gnu/4.9.3/../../../../lib64/crti.o /usr/lib/gcc/x86_64-pc-linux-gnu/4.9.3/crtbegin.o -L/usr/lib/gcc/x86_64-pc-linux-gnu/4.9.3 -L/usr/lib/gcc/x86_64-pc-linux-gnu/4.9.3/../../../../lib64 -L/lib/../lib64 -L/usr/lib/../lib64 -L/usr/lib/gcc/x86_64-pc-linux-gnu/4.9.3/../../../../x86_64-pc-linux-gnu/lib -L/usr/lib/gcc/x86_64-pc-linux-gnu/4.9.3/../../.. CMakeFiles/cmTC_f1d07.dir/CMakeCXXCompilerABI.cpp.o -lstdc++ -lm -lgcc_s -lgcc -lc -lgcc_s -lgcc /usr/lib/gcc/x86_64-pc-linux-gnu/4.9.3/crtend.o /usr/lib/gcc/x86_64-pc-linux-gnu/4.9.3/../../../../lib64/crtn.o]
    arg [/usr/libexec/gcc/x86_64-pc-linux-gnu/4.9.3/collect2] ==> ignore
    arg [-plugin] ==> ignore
    arg [/usr/libexec/gcc/x86_64-pc-linux-gnu/4.9.3/liblto_plugin.so] ==> ignore
    arg [-plugin-opt=/usr/libexec/gcc/x86_64-pc-linux-gnu/4.9.3/lto-wrapper] ==> ignore
    arg [-plugin-opt=-fresolution=/tmp/cct35x8U.res] ==> ignore
    arg [-plugin-opt=-pass-through=-lgcc_s] ==> ignore
    arg [-plugin-opt=-pass-through=-lgcc] ==> ignore
    arg [-plugin-opt=-pass-through=-lc] ==> ignore
    arg [-plugin-opt=-pass-through=-lgcc_s] ==> ignore
    arg [-plugin-opt=-pass-through=-lgcc] ==> ignore
    arg [--eh-frame-hdr] ==> ignore
    arg [-m] ==> ignore
    arg [elf_x86_64] ==> ignore
    arg [-export-dynamic] ==> ignore
    arg [-dynamic-linker] ==> ignore
    arg [/lib64/ld-linux-x86-64.so.2] ==> ignore
    arg [-o] ==> ignore
    arg [cmTC_f1d07] ==> ignore
    arg [/usr/lib/gcc/x86_64-pc-linux-gnu/4.9.3/../../../../lib64/crt1.o] ==> ignore
    arg [/usr/lib/gcc/x86_64-pc-linux-gnu/4.9.3/../../../../lib64/crti.o] ==> ignore
    arg [/usr/lib/gcc/x86_64-pc-linux-gnu/4.9.3/crtbegin.o] ==> ignore
    arg [-L/usr/lib/gcc/x86_64-pc-linux-gnu/4.9.3] ==> dir [/usr/lib/gcc/x86_64-pc-linux-gnu/4.9.3]
    arg [-L/usr/lib/gcc/x86_64-pc-linux-gnu/4.9.3/../../../../lib64] ==> dir [/usr/lib/gcc/x86_64-pc-linux-gnu/4.9.3/../../../../lib64]
    arg [-L/lib/../lib64] ==> dir [/lib/../lib64]
    arg [-L/usr/lib/../lib64] ==> dir [/usr/lib/../lib64]
    arg [-L/usr/lib/gcc/x86_64-pc-linux-gnu/4.9.3/../../../../x86_64-pc-linux-gnu/lib] ==> dir [/usr/lib/gcc/x86_64-pc-linux-gnu/4.9.3/../../../../x86_64-pc-linux-gnu/lib]
    arg [-L/usr/lib/gcc/x86_64-pc-linux-gnu/4.9.3/../../..] ==> dir [/usr/lib/gcc/x86_64-pc-linux-gnu/4.9.3/../../..]
    arg [CMakeFiles/cmTC_f1d07.dir/CMakeCXXCompilerABI.cpp.o] ==> ignore
    arg [-lstdc++] ==> lib [stdc++]
    arg [-lm] ==> lib [m]
    arg [-lgcc_s] ==> lib [gcc_s]
    arg [-lgcc] ==> lib [gcc]
    arg [-lc] ==> lib [c]
    arg [-lgcc_s] ==> lib [gcc_s]
    arg [-lgcc] ==> lib [gcc]
    arg [/usr/lib/gcc/x86_64-pc-linux-gnu/4.9.3/crtend.o] ==> ignore
    arg [/usr/lib/gcc/x86_64-pc-linux-gnu/4.9.3/../../../../lib64/crtn.o] ==> ignore
  remove lib [gcc_s]
  remove lib [gcc]
  remove lib [gcc_s]
  remove lib [gcc]
  collapse library dir [/usr/lib/gcc/x86_64-pc-linux-gnu/4.9.3] ==> [/usr/lib/gcc/x86_64-pc-linux-gnu/4.9.3]
  collapse library dir [/usr/lib/gcc/x86_64-pc-linux-gnu/4.9.3/../../../../lib64] ==> [/usr/lib64]
  collapse library dir [/lib/../lib64] ==> [/lib64]
  collapse library dir [/usr/lib/../lib64] ==> [/usr/lib64]
  collapse library dir [/usr/lib/gcc/x86_64-pc-linux-gnu/4.9.3/../../../../x86_64-pc-linux-gnu/lib] ==> [/usr/x86_64-pc-linux-gnu/lib]
  collapse library dir [/usr/lib/gcc/x86_64-pc-linux-gnu/4.9.3/../../..] ==> [/usr/lib]
  implicit libs: [stdc++;m;c]
  implicit dirs: [/usr/lib/gcc/x86_64-pc-linux-gnu/4.9.3;/usr/lib64;/lib64;/usr/x86_64-pc-linux-gnu/lib;/usr/lib]
  implicit fwks: []




Detecting CXX [-std=c++14] compiler features compiled with the following output:
Change Dir: /home/lu-tze/research/projects/Morpheus/deps/pugixml/scripts/CMakeFiles/CMakeTmp

Run Build Command:"/usr/bin/gmake" "cmTC_28feb/fast"
gmake[3]: Entering directory '/mnt/floppy/research/projects/Morpheus/deps/pugixml/scripts/CMakeFiles/CMakeTmp'
/usr/bin/gmake -f CMakeFiles/cmTC_28feb.dir/build.make CMakeFiles/cmTC_28feb.dir/build
gmake[4]: Entering directory '/mnt/floppy/research/projects/Morpheus/deps/pugixml/scripts/CMakeFiles/CMakeTmp'
Building CXX object CMakeFiles/cmTC_28feb.dir/feature_tests.cxx.o
/usr/bin/c++    -std=c++14 -o CMakeFiles/cmTC_28feb.dir/feature_tests.cxx.o -c /home/lu-tze/research/projects/Morpheus/deps/pugixml/scripts/CMakeFiles/feature_tests.cxx
Linking CXX executable cmTC_28feb
/usr/bin/cmake -E cmake_link_script CMakeFiles/cmTC_28feb.dir/link.txt --verbose=1
/usr/bin/c++        CMakeFiles/cmTC_28feb.dir/feature_tests.cxx.o  -o cmTC_28feb -rdynamic 
gmake[4]: Leaving directory '/mnt/floppy/research/projects/Morpheus/deps/pugixml/scripts/CMakeFiles/CMakeTmp'
gmake[3]: Leaving directory '/mnt/floppy/research/projects/Morpheus/deps/pugixml/scripts/CMakeFiles/CMakeTmp'


    Feature record: CXX_FEATURE:0cxx_aggregate_default_initializers
    Feature record: CXX_FEATURE:1cxx_alias_templates
    Feature record: CXX_FEATURE:1cxx_alignas
    Feature record: CXX_FEATURE:1cxx_alignof
    Feature record: CXX_FEATURE:1cxx_attributes
    Feature record: CXX_FEATURE:1cxx_attribute_deprecated
    Feature record: CXX_FEATURE:1cxx_auto_type
    Feature record: CXX_FEATURE:1cxx_binary_literals
    Feature record: CXX_FEATURE:1cxx_constexpr
    Feature record: CXX_FEATURE:1cxx_contextual_conversions
    Feature record: CXX_FEATURE:1cxx_decltype
    Feature record: CXX_FEATURE:1cxx_decltype_auto
    Feature record: CXX_FEATURE:1cxx_decltype_incomplete_return_types
    Feature record: CXX_FEATURE:1cxx_default_function_template_args
    Feature record: CXX_FEATURE:1cxx_defaulted_functions
    Feature record: CXX_FEATURE:1cxx_defaulted_move_initializers
    Feature record: CXX_FEATURE:1cxx_delegating_constructors
    Feature record: CXX_FEATURE:1cxx_deleted_functions
    Feature record: CXX_FEATURE:1cxx_digit_separators
    Feature record: CXX_FEATURE:1cxx_enum_forward_declarations
    Feature record: CXX_FEATURE:1cxx_explicit_conversions
    Feature record: CXX_FEATURE:1cxx_extended_friend_declarations
    Feature record: CXX_FEATURE:1cxx_extern_templates
    Feature record: CXX_FEATURE:1cxx_final
    Feature record: CXX_FEATURE:1cxx_func_identifier
    Feature record: CXX_FEATURE:1cxx_generalized_initializers
    Feature record: CXX_FEATURE:1cxx_generic_lambdas
    Feature record: CXX_FEATURE:1cxx_inheriting_constructors
    Feature record: CXX_FEATURE:1cxx_inline_namespaces
    Feature record: CXX_FEATURE:1cxx_lambdas
    Feature record: CXX_FEATURE:1cxx_lambda_init_captures
    Feature record: CXX_FEATURE:1cxx_local_type_template_args
    Feature record: CXX_FEATURE:1cxx_long_long_type
    Feature record: CXX_FEATURE:1cxx_noexcept
    Feature record: CXX_FEATURE:1cxx_nonstatic_member_init
    Feature record: CXX_FEATURE:1cxx_nullptr
    Feature record: CXX_FEATURE:1cxx_override
    Feature record: CXX_FEATURE:1cxx_range_for
    Feature record: CXX_FEATURE:1cxx_raw_string_literals
    Feature record: CXX_FEATURE:1cxx_reference_qualified_functions
    Feature record: CXX_FEATURE:0cxx_relaxed_constexpr
    Feature record: CXX_FEATURE:1cxx_return_type_deduction
    Feature record: CXX_FEATURE:1cxx_right_angle_brackets
    Feature record: CXX_FEATURE:1cxx_rvalue_references
    Feature record: CXX_FEATURE:1cxx_sizeof_member
    Feature record: CXX_FEATURE:1cxx_static_assert
    Feature record: CXX_FEATURE:1cxx_strong_enums
    Feature record: CXX_FEATURE:1cxx_template_template_parameters
    Feature record: CXX_FEATURE:1cxx_thread_local
    Feature record: CXX_FEATURE:1cxx_trailing_return_types
    Feature record: CXX_FEATURE:1cxx_unicode_literals
    Feature record: CXX_FEATURE:1cxx_uniform_initialization
    Feature record: CXX_FEATURE:1cxx_unrestricted_unions
    Feature record: CXX_FEATURE:1cxx_user_literals
    Feature record: CXX_FEATURE:0cxx_variable_templates
    Feature record: CXX_FEATURE:1cxx_variadic_macros
    Feature record: CXX_FEATURE:1cxx_variadic_templates


Detecting CXX [-std=c++11] compiler features compiled with the following output:
Change Dir: /home/lu-tze/research/projects/Morpheus/deps/pugixml/scripts/CMakeFiles/CMakeTmp

Run Build Command:"/usr/bin/gmake" "cmTC_6c9ac/fast"
gmake[3]: Entering directory '/mnt/floppy/research/projects/Morpheus/deps/pugixml/scripts/CMakeFiles/CMakeTmp'
/usr/bin/gmake -f CMakeFiles/cmTC_6c9ac.dir/build.make CMakeFiles/cmTC_6c9ac.dir/build
gmake[4]: Entering directory '/mnt/floppy/research/projects/Morpheus/deps/pugixml/scripts/CMakeFiles/CMakeTmp'
Building CXX object CMakeFiles/cmTC_6c9ac.dir/feature_tests.cxx.o
/usr/bin/c++    -std=c++11 -o CMakeFiles/cmTC_6c9ac.dir/feature_tests.cxx.o -c /home/lu-tze/research/projects/Morpheus/deps/pugixml/scripts/CMakeFiles/feature_tests.cxx
Linking CXX executable cmTC_6c9ac
/usr/bin/cmake -E cmake_link_script CMakeFiles/cmTC_6c9ac.dir/link.txt --verbose=1
/usr/bin/c++        CMakeFiles/cmTC_6c9ac.dir/feature_tests.cxx.o  -o cmTC_6c9ac -rdynamic 
gmake[4]: Leaving directory '/mnt/floppy/research/projects/Morpheus/deps/pugixml/scripts/CMakeFiles/CMakeTmp'
gmake[3]: Leaving directory '/mnt/floppy/research/projects/Morpheus/deps/pugixml/scripts/CMakeFiles/CMakeTmp'


    Feature record: CXX_FEATURE:0cxx_aggregate_default_initializers
    Feature record: CXX_FEATURE:1cxx_alias_templates
    Feature record: CXX_FEATURE:1cxx_alignas
    Feature record: CXX_FEATURE:1cxx_alignof
    Feature record: CXX_FEATURE:1cxx_attributes
    Feature record: CXX_FEATURE:0cxx_attribute_deprecated
    Feature record: CXX_FEATURE:1cxx_auto_type
    Feature record: CXX_FEATURE:0cxx_binary_literals
    Feature record: CXX_FEATURE:1cxx_constexpr
    Feature record: CXX_FEATURE:0cxx_contextual_conversions
    Feature record: CXX_FEATURE:1cxx_decltype
    Feature record: CXX_FEATURE:0cxx_decltype_auto
    Feature record: CXX_FEATURE:1cxx_decltype_incomplete_return_types
    Feature record: CXX_FEATURE:1cxx_default_function_template_args
    Feature record: CXX_FEATURE:1cxx_defaulted_functions
    Feature record: CXX_FEATURE:1cxx_defaulted_move_initializers
    Feature record: CXX_FEATURE:1cxx_delegating_constructors
    Feature record: CXX_FEATURE:1cxx_deleted_functions
    Feature record: CXX_FEATURE:0cxx_digit_separators
    Feature record: CXX_FEATURE:1cxx_enum_forward_declarations
    Feature record: CXX_FEATURE:1cxx_explicit_conversions
    Feature record: CXX_FEATURE:1cxx_extended_friend_declarations
    Feature record: CXX_FEATURE:1cxx_extern_templates
    Feature record: CXX_FEATURE:1cxx_final
    Feature record: CXX_FEATURE:1cxx_func_identifier
    Feature record: CXX_FEATURE:1cxx_generalized_initializers
    Feature record: CXX_FEATURE:0cxx_generic_lambdas
    Feature record: CXX_FEATURE:1cxx_inheriting_constructors
    Feature record: CXX_FEATURE:1cxx_inline_namespaces
    Feature record: CXX_FEATURE:1cxx_lambdas
    Feature record: CXX_FEATURE:0cxx_lambda_init_captures
    Feature record: CXX_FEATURE:1cxx_local_type_template_args
    Feature record: CXX_FEATURE:1cxx_long_long_type
    Feature record: CXX_FEATURE:1cxx_noexcept
    Feature record: CXX_FEATURE:1cxx_nonstatic_member_init
    Feature record: CXX_FEATURE:1cxx_nullptr
    Feature record: CXX_FEATURE:1cxx_override
    Feature record: CXX_FEATURE:1cxx_range_for
    Feature record: CXX_FEATURE:1cxx_raw_string_literals
    Feature record: CXX_FEATURE:1cxx_reference_qualified_functions
    Feature record: CXX_FEATURE:0cxx_relaxed_constexpr
    Feature record: CXX_FEATURE:0cxx_return_type_deduction
    Feature record: CXX_FEATURE:1cxx_right_angle_brackets
    Feature record: CXX_FEATURE:1cxx_rvalue_references
    Feature record: CXX_FEATURE:1cxx_sizeof_member
    Feature record: CXX_FEATURE:1cxx_static_assert
    Feature record: CXX_FEATURE:1cxx_strong_enums
    Feature record: CXX_FEATURE:1cxx_template_template_parameters
    Feature record: CXX_FEATURE:1cxx_thread_local
    Feature record: CXX_FEATURE:1cxx_trailing_return_types
    Feature record: CXX_FEATURE:1cxx_unicode_literals
    Feature record: CXX_FEATURE:1cxx_uniform_initialization
    Feature record: CXX_FEATURE:1cxx_unrestricted_unions
    Feature record: CXX_FEATURE:1cxx_user_literals
    Feature record: CXX_FEATURE:0cxx_variable_templates
    Feature record: CXX_FEATURE:1cxx_variadic_macros
    Feature record: CXX_FEATURE:1cxx_variadic_templates


Detecting CXX [-std=c++98] compiler features compiled with the following output:
Change Dir: /home/lu-tze/research/projects/Morpheus/deps/pugixml/scripts/CMakeFiles/CMakeTmp

Run Build Command:"/usr/bin/gmake" "cmTC_3663a/fast"
gmake[3]: Entering directory '/mnt/floppy/research/projects/Morpheus/deps/pugixml/scripts/CMakeFiles/CMakeTmp'
/usr/bin/gmake -f CMakeFiles/cmTC_3663a.dir/build.make CMakeFiles/cmTC_3663a.dir/build
gmake[4]: Entering directory '/mnt/floppy/research/projects/Morpheus/deps/pugixml/scripts/CMakeFiles/CMakeTmp'
Building CXX object CMakeFiles/cmTC_3663a.dir/feature_tests.cxx.o
/usr/bin/c++    -std=c++98 -o CMakeFiles/cmTC_3663a.dir/feature_tests.cxx.o -c /home/lu-tze/research/projects/Morpheus/deps/pugixml/scripts/CMakeFiles/feature_tests.cxx
Linking CXX executable cmTC_3663a
/usr/bin/cmake -E cmake_link_script CMakeFiles/cmTC_3663a.dir/link.txt --verbose=1
/usr/bin/c++        CMakeFiles/cmTC_3663a.dir/feature_tests.cxx.o  -o cmTC_3663a -rdynamic 
gmake[4]: Leaving directory '/mnt/floppy/research/projects/Morpheus/deps/pugixml/scripts/CMakeFiles/CMakeTmp'
gmake[3]: Leaving directory '/mnt/floppy/research/projects/Morpheus/deps/pugixml/scripts/CMakeFiles/CMakeTmp'


    Feature record: CXX_FEATURE:0cxx_aggregate_default_initializers
    Feature record: CXX_FEATURE:0cxx_alias_templates
    Feature record: CXX_FEATURE:0cxx_alignas
    Feature record: CXX_FEATURE:0cxx_alignof
    Feature record: CXX_FEATURE:0cxx_attributes
    Feature record: CXX_FEATURE:0cxx_attribute_deprecated
    Feature record: CXX_FEATURE:0cxx_auto_type
    Feature record: CXX_FEATURE:0cxx_binary_literals
    Feature record: CXX_FEATURE:0cxx_constexpr
    Feature record: CXX_FEATURE:0cxx_contextual_conversions
    Feature record: CXX_FEATURE:0cxx_decltype
    Feature record: CXX_FEATURE:0cxx_decltype_auto
    Feature record: CXX_FEATURE:0cxx_decltype_incomplete_return_types
    Feature record: CXX_FEATURE:0cxx_default_function_template_args
    Feature record: CXX_FEATURE:0cxx_defaulted_functions
    Feature record: CXX_FEATURE:0cxx_defaulted_move_initializers
    Feature record: CXX_FEATURE:0cxx_delegating_constructors
    Feature record: CXX_FEATURE:0cxx_deleted_functions
    Feature record: CXX_FEATURE:0cxx_digit_separators
    Feature record: CXX_FEATURE:0cxx_enum_forward_declarations
    Feature record: CXX_FEATURE:0cxx_explicit_conversions
    Feature record: CXX_FEATURE:0cxx_extended_friend_declarations
    Feature record: CXX_FEATURE:0cxx_extern_templates
    Feature record: CXX_FEATURE:0cxx_final
    Feature record: CXX_FEATURE:0cxx_func_identifier
    Feature record: CXX_FEATURE:0cxx_generalized_initializers
    Feature record: CXX_FEATURE:0cxx_generic_lambdas
    Feature record: CXX_FEATURE:0cxx_inheriting_constructors
    Feature record: CXX_FEATURE:0cxx_inline_namespaces
    Feature record: CXX_FEATURE:0cxx_lambdas
    Feature record: CXX_FEATURE:0cxx_lambda_init_captures
    Feature record: CXX_FEATURE:0cxx_local_type_template_args
    Feature record: CXX_FEATURE:0cxx_long_long_type
    Feature record: CXX_FEATURE:0cxx_noexcept
    Feature record: CXX_FEATURE:0cxx_nonstatic_member_init
    Feature record: CXX_FEATURE:0cxx_nullptr
    Feature record: CXX_FEATURE:0cxx_override
    Feature record: CXX_FEATURE:0cxx_range_for
    Feature record: CXX_FEATURE:0cxx_raw_string_literals
    Feature record: CXX_FEATURE:0cxx_reference_qualified_functions
    Feature record: CXX_FEATURE:0cxx_relaxed_constexpr
    Feature record: CXX_FEATURE:0cxx_return_type_deduction
    Feature record: CXX_FEATURE:0cxx_right_angle_brackets
    Feature record: CXX_FEATURE:0cxx_rvalue_references
    Feature record: CXX_FEATURE:0cxx_sizeof_member
    Feature record: CXX_FEATURE:0cxx_static_assert
    Feature record: CXX_FEATURE:0cxx_strong_enums
    Feature record: CXX_FEATURE:1cxx_template_template_parameters
    Feature record: CXX_FEATURE:0cxx_thread_local
    Feature record: CXX_FEATURE:0cxx_trailing_return_types
    Feature record: CXX_FEATURE:0cxx_unicode_literals
    Feature record: CXX_FEATURE:0cxx_uniform_initialization
    Feature record: CXX_FEATURE:0cxx_unrestricted_unions
    Feature record: CXX_FEATURE:0cxx_user_literals
    Feature record: CXX_FEATURE:0cxx_variable_templates
    Feature record: CXX_FEATURE:0cxx_variadic_macros
    Feature record: CXX_FEATURE:0cxx_variadic_templates
The system is: Linux - 4.9.6-gentoo-r1 - x86_64
Compiling the C compiler identification source file "CMakeCCompilerId.c" succeeded.
Compiler: /usr/bin/cc 
Build flags: 
Id flags: 

The output was:
0


Compilation of the C compiler identification source "CMakeCCompilerId.c" produced "a.out"

The C compiler identification is GNU, found in "/home/lu-tze/ext/archive/projects/code/active/morpheus/src/deps/pugixml/scripts/CMakeFiles/3.7.2/CompilerIdC/a.out"

Compiling the CXX compiler identification source file "CMakeCXXCompilerId.cpp" succeeded.
Compiler: /usr/bin/c++ 
Build flags: 
Id flags: 

The output was:
0


Compilation of the CXX compiler identification source "CMakeCXXCompilerId.cpp" produced "a.out"

The CXX compiler identification is GNU, found in "/home/lu-tze/ext/archive/projects/code/active/morpheus/src/deps/pugixml/scripts/CMakeFiles/3.7.2/CompilerIdCXX/a.out"

Determining if the C compiler works passed with the following output:
Change Dir: /home/lu-tze/ext/archive/projects/code/active/morpheus/src/deps/pugixml/scripts/CMakeFiles/CMakeTmp

Run Build Command:"/usr/bin/gmake" "cmTC_9e216/fast"
gmake[3]: Entering directory '/home/lu-tze/ext/archive/projects/code/active/morpheus/src/deps/pugixml/scripts/CMakeFiles/CMakeTmp'
/usr/bin/gmake -f CMakeFiles/cmTC_9e216.dir/build.make CMakeFiles/cmTC_9e216.dir/build
gmake[4]: Entering directory '/home/lu-tze/ext/archive/projects/code/active/morpheus/src/deps/pugixml/scripts/CMakeFiles/CMakeTmp'
Building C object CMakeFiles/cmTC_9e216.dir/testCCompiler.c.o
/usr/bin/cc     -o CMakeFiles/cmTC_9e216.dir/testCCompiler.c.o   -c /home/lu-tze/ext/archive/projects/code/active/morpheus/src/deps/pugixml/scripts/CMakeFiles/CMakeTmp/testCCompiler.c
Linking C executable cmTC_9e216
/usr/bin/cmake -E cmake_link_script CMakeFiles/cmTC_9e216.dir/link.txt --verbose=1
/usr/bin/cc       CMakeFiles/cmTC_9e216.dir/testCCompiler.c.o  -o cmTC_9e216 -rdynamic 
gmake[4]: Leaving directory '/home/lu-tze/ext/archive/projects/code/active/morpheus/src/deps/pugixml/scripts/CMakeFiles/CMakeTmp'
gmake[3]: Leaving directory '/home/lu-tze/ext/archive/projects/code/active/morpheus/src/deps/pugixml/scripts/CMakeFiles/CMakeTmp'


Detecting C compiler ABI info compiled with the following output:
Change Dir: /home/lu-tze/ext/archive/projects/code/active/morpheus/src/deps/pugixml/scripts/CMakeFiles/CMakeTmp

Run Build Command:"/usr/bin/gmake" "cmTC_d0771/fast"
gmake[3]: Entering directory '/home/lu-tze/ext/archive/projects/code/active/morpheus/src/deps/pugixml/scripts/CMakeFiles/CMakeTmp'
/usr/bin/gmake -f CMakeFiles/cmTC_d0771.dir/build.make CMakeFiles/cmTC_d0771.dir/build
gmake[4]: Entering directory '/home/lu-tze/ext/archive/projects/code/active/morpheus/src/deps/pugixml/scripts/CMakeFiles/CMakeTmp'
Building C object CMakeFiles/cmTC_d0771.dir/CMakeCCompilerABI.c.o
/usr/bin/cc     -o CMakeFiles/cmTC_d0771.dir/CMakeCCompilerABI.c.o   -c /usr/share/cmake/Modules/CMakeCCompilerABI.c
Linking C executable cmTC_d0771
/usr/bin/cmake -E cmake_link_script CMakeFiles/cmTC_d0771.dir/link.txt --verbose=1
/usr/bin/cc      -v CMakeFiles/cmTC_d0771.dir/CMakeCCompilerABI.c.o  -o cmTC_d0771 -rdynamic  
Using built-in specs.
COLLECT_GCC=/usr/x86_64-pc-linux-gnu/gcc-bin/5.4.0/gcc
COLLECT_LTO_WRAPPER=/usr/libexec/gcc/x86_64-pc-linux-gnu/5.4.0/lto-wrapper
Target: x86_64-pc-linux-gnu
Configured with: /var/tmp/portage/sys-devel/gcc-5.4.0-r3/work/gcc-5.4.0/configure --host=x86_64-pc-linux-gnu --build=x86_64-pc-linux-gnu --prefix=/usr --bindir=/usr/x86_64-pc-linux-gnu/gcc-bin/5.4.0 --includedir=/usr/lib/gcc/x86_64-pc-linux-gnu/5.4.0/include --datadir=/usr/share/gcc-data/x86_64-pc-linux-gnu/5.4.0 --mandir=/usr/share/gcc-data/x86_64-pc-linux-gnu/5.4.0/man --infodir=/usr/share/gcc-data/x86_64-pc-linux-gnu/5.4.0/info --with-gxx-include-dir=/usr/lib/gcc/x86_64-pc-linux-gnu/5.4.0/include/g++-v5 --with-python-dir=/share/gcc-data/x86_64-pc-linux-gnu/5.4.0/python --enable-languages=c,c++,fortran --enable-obsolete --enable-secureplt --disable-werror --with-system-zlib --enable-nls --without-included-gettext --enable-checking=release --with-bugurl=https://bugs.gentoo.org/ --with-pkgversion='Gentoo 5.4.0-r3 p1.3, pie-0.6.5' --enable-libstdcxx-time --enable-shared --enable-threads=posix --enable-__cxa_atexit --enable-clocale=gnu --enable-multilib --with-multilib-list=m32,m64 --disable-altivec --disable-fixed-point --enable-targets=all --disable-libgcj --enable-libgomp --disable-libmudflap --disable-libssp --disable-libcilkrts --enable-libmpx --enable-vtable-verify --enable-libvtv --enable-lto --with-isl --disable-isl-version-check --enable-libsanitizer
Thread model: posix
gcc version 5.4.0 (Gentoo 5.4.0-r3 p1.3, pie-0.6.5) 
COMPILER_PATH=/usr/libexec/gcc/x86_64-pc-linux-gnu/5.4.0/:/usr/libexec/gcc/x86_64-pc-linux-gnu/5.4.0/:/usr/libexec/gcc/x86_64-pc-linux-gnu/:/usr/lib/gcc/x86_64-pc-linux-gnu/5.4.0/:/usr/lib/gcc/x86_64-pc-linux-gnu/:/usr/lib/gcc/x86_64-pc-linux-gnu/5.4.0/../../../../x86_64-pc-linux-gnu/bin/
LIBRARY_PATH=/usr/lib/gcc/x86_64-pc-linux-gnu/5.4.0/:/usr/lib/gcc/x86_64-pc-linux-gnu/5.4.0/../../../../lib64/:/lib/../lib64/:/usr/lib/../lib64/:/usr/lib/gcc/x86_64-pc-linux-gnu/5.4.0/../../../../x86_64-pc-linux-gnu/lib/:/usr/lib/gcc/x86_64-pc-linux-gnu/5.4.0/../../../:/lib/:/usr/lib/
COLLECT_GCC_OPTIONS='-v' '-o' 'cmTC_d0771' '-rdynamic' '-mtune=generic' '-march=x86-64'
 /usr/libexec/gcc/x86_64-pc-linux-gnu/5.4.0/collect2 -plugin /usr/libexec/gcc/x86_64-pc-linux-gnu/5.4.0/liblto_plugin.so -plugin-opt=/usr/libexec/gcc/x86_64-pc-linux-gnu/5.4.0/lto-wrapper -plugin-opt=-fresolution=/tmp/.private/lu-tze/cc45bOqj.res -plugin-opt=-pass-through=-lgcc -plugin-opt=-pass-through=-lgcc_s -plugin-opt=-pass-through=-lc -plugin-opt=-pass-through=-lgcc -plugin-opt=-pass-through=-lgcc_s --eh-frame-hdr -m elf_x86_64 -export-dynamic -dynamic-linker /lib64/ld-linux-x86-64.so.2 -o cmTC_d0771 /usr/lib/gcc/x86_64-pc-linux-gnu/5.4.0/../../../../lib64/crt1.o /usr/lib/gcc/x86_64-pc-linux-gnu/5.4.0/../../../../lib64/crti.o /usr/lib/gcc/x86_64-pc-linux-gnu/5.4.0/crtbegin.o -L/usr/lib/gcc/x86_64-pc-linux-gnu/5.4.0 -L/usr/lib/gcc/x86_64-pc-linux-gnu/5.4.0/../../../../lib64 -L/lib/../lib64 -L/usr/lib/../lib64 -L/usr/lib/gcc/x86_64-pc-linux-gnu/5.4.0/../../../../x86_64-pc-linux-gnu/lib -L/usr/lib/gcc/x86_64-pc-linux-gnu/5.4.0/../../.. CMakeFiles/cmTC_d0771.dir/CMakeCCompilerABI.c.o -lgcc --as-needed -lgcc_s --no-as-needed -lc -lgcc --as-needed -lgcc_s --no-as-needed /usr/lib/gcc/x86_64-pc-linux-gnu/5.4.0/crtend.o /usr/lib/gcc/x86_64-pc-linux-gnu/5.4.0/../../../../lib64/crtn.o
gmake[4]: Leaving directory '/home/lu-tze/ext/archive/projects/code/active/morpheus/src/deps/pugixml/scripts/CMakeFiles/CMakeTmp'
gmake[3]: Leaving directory '/home/lu-tze/ext/archive/projects/code/active/morpheus/src/deps/pugixml/scripts/CMakeFiles/CMakeTmp'


Parsed C implicit link information from above output:
  link line regex: [^( *|.*[/\])(ld|([^/\]+-)?ld|collect2)[^/\]*( |$)]
  ignore line: [Change Dir: /home/lu-tze/ext/archive/projects/code/active/morpheus/src/deps/pugixml/scripts/CMakeFiles/CMakeTmp]
  ignore line: []
  ignore line: [Run Build Command:"/usr/bin/gmake" "cmTC_d0771/fast"]
  ignore line: [gmake[3]: Entering directory '/home/lu-tze/ext/archive/projects/code/active/morpheus/src/deps/pugixml/scripts/CMakeFiles/CMakeTmp']
  ignore line: [/usr/bin/gmake -f CMakeFiles/cmTC_d0771.dir/build.make CMakeFiles/cmTC_d0771.dir/build]
  ignore line: [gmake[4]: Entering directory '/home/lu-tze/ext/archive/projects/code/active/morpheus/src/deps/pugixml/scripts/CMakeFiles/CMakeTmp']
  ignore line: [Building C object CMakeFiles/cmTC_d0771.dir/CMakeCCompilerABI.c.o]
  ignore line: [/usr/bin/cc     -o CMakeFiles/cmTC_d0771.dir/CMakeCCompilerABI.c.o   -c /usr/share/cmake/Modules/CMakeCCompilerABI.c]
  ignore line: [Linking C executable cmTC_d0771]
  ignore line: [/usr/bin/cmake -E cmake_link_script CMakeFiles/cmTC_d0771.dir/link.txt --verbose=1]
  ignore line: [/usr/bin/cc      -v CMakeFiles/cmTC_d0771.dir/CMakeCCompilerABI.c.o  -o cmTC_d0771 -rdynamic  ]
  ignore line: [Using built-in specs.]
  ignore line: [COLLECT_GCC=/usr/x86_64-pc-linux-gnu/gcc-bin/5.4.0/gcc]
  ignore line: [COLLECT_LTO_WRAPPER=/usr/libexec/gcc/x86_64-pc-linux-gnu/5.4.0/lto-wrapper]
  ignore line: [Target: x86_64-pc-linux-gnu]
  ignore line: [Configured with: /var/tmp/portage/sys-devel/gcc-5.4.0-r3/work/gcc-5.4.0/configure --host=x86_64-pc-linux-gnu --build=x86_64-pc-linux-gnu --prefix=/usr --bindir=/usr/x86_64-pc-linux-gnu/gcc-bin/5.4.0 --includedir=/usr/lib/gcc/x86_64-pc-linux-gnu/5.4.0/include --datadir=/usr/share/gcc-data/x86_64-pc-linux-gnu/5.4.0 --mandir=/usr/share/gcc-data/x86_64-pc-linux-gnu/5.4.0/man --infodir=/usr/share/gcc-data/x86_64-pc-linux-gnu/5.4.0/info --with-gxx-include-dir=/usr/lib/gcc/x86_64-pc-linux-gnu/5.4.0/include/g++-v5 --with-python-dir=/share/gcc-data/x86_64-pc-linux-gnu/5.4.0/python --enable-languages=c,c++,fortran --enable-obsolete --enable-secureplt --disable-werror --with-system-zlib --enable-nls --without-included-gettext --enable-checking=release --with-bugurl=https://bugs.gentoo.org/ --with-pkgversion='Gentoo 5.4.0-r3 p1.3, pie-0.6.5' --enable-libstdcxx-time --enable-shared --enable-threads=posix --enable-__cxa_atexit --enable-clocale=gnu --enable-multilib --with-multilib-list=m32,m64 --disable-altivec --disable-fixed-point --enable-targets=all --disable-libgcj --enable-libgomp --disable-libmudflap --disable-libssp --disable-libcilkrts --enable-libmpx --enable-vtable-verify --enable-libvtv --enable-lto --with-isl --disable-isl-version-check --enable-libsanitizer]
  ignore line: [Thread model: posix]
  ignore line: [gcc version 5.4.0 (Gentoo 5.4.0-r3 p1.3, pie-0.6.5) ]
  ignore line: [COMPILER_PATH=/usr/libexec/gcc/x86_64-pc-linux-gnu/5.4.0/:/usr/libexec/gcc/x86_64-pc-linux-gnu/5.4.0/:/usr/libexec/gcc/x86_64-pc-linux-gnu/:/usr/lib/gcc/x86_64-pc-linux-gnu/5.4.0/:/usr/lib/gcc/x86_64-pc-linux-gnu/:/usr/lib/gcc/x86_64-pc-linux-gnu/5.4.0/../../../../x86_64-pc-linux-gnu/bin/]
  ignore line: [LIBRARY_PATH=/usr/lib/gcc/x86_64-pc-linux-gnu/5.4.0/:/usr/lib/gcc/x86_64-pc-linux-gnu/5.4.0/../../../../lib64/:/lib/../lib64/:/usr/lib/../lib64/:/usr/lib/gcc/x86_64-pc-linux-gnu/5.4.0/../../../../x86_64-pc-linux-gnu/lib/:/usr/lib/gcc/x86_64-pc-linux-gnu/5.4.0/../../../:/lib/:/usr/lib/]
  ignore line: [COLLECT_GCC_OPTIONS='-v' '-o' 'cmTC_d0771' '-rdynamic' '-mtune=generic' '-march=x86-64']
  link line: [ /usr/libexec/gcc/x86_64-pc-linux-gnu/5.4.0/collect2 -plugin /usr/libexec/gcc/x86_64-pc-linux-gnu/5.4.0/liblto_plugin.so -plugin-opt=/usr/libexec/gcc/x86_64-pc-linux-gnu/5.4.0/lto-wrapper -plugin-opt=-fresolution=/tmp/.private/lu-tze/cc45bOqj.res -plugin-opt=-pass-through=-lgcc -plugin-opt=-pass-through=-lgcc_s -plugin-opt=-pass-through=-lc -plugin-opt=-pass-through=-lgcc -plugin-opt=-pass-through=-lgcc_s --eh-frame-hdr -m elf_x86_64 -export-dynamic -dynamic-linker /lib64/ld-linux-x86-64.so.2 -o cmTC_d0771 /usr/lib/gcc/x86_64-pc-linux-gnu/5.4.0/../../../../lib64/crt1.o /usr/lib/gcc/x86_64-pc-linux-gnu/5.4.0/../../../../lib64/crti.o /usr/lib/gcc/x86_64-pc-linux-gnu/5.4.0/crtbegin.o -L/usr/lib/gcc/x86_64-pc-linux-gnu/5.4.0 -L/usr/lib/gcc/x86_64-pc-linux-gnu/5.4.0/../../../../lib64 -L/lib/../lib64 -L/usr/lib/../lib64 -L/usr/lib/gcc/x86_64-pc-linux-gnu/5.4.0/../../../../x86_64-pc-linux-gnu/lib -L/usr/lib/gcc/x86_64-pc-linux-gnu/5.4.0/../../.. CMakeFiles/cmTC_d0771.dir/CMakeCCompilerABI.c.o -lgcc --as-needed -lgcc_s --no-as-needed -lc -lgcc --as-needed -lgcc_s --no-as-needed /usr/lib/gcc/x86_64-pc-linux-gnu/5.4.0/crtend.o /usr/lib/gcc/x86_64-pc-linux-gnu/5.4.0/../../../../lib64/crtn.o]
    arg [/usr/libexec/gcc/x86_64-pc-linux-gnu/5.4.0/collect2] ==> ignore
    arg [-plugin] ==> ignore
    arg [/usr/libexec/gcc/x86_64-pc-linux-gnu/5.4.0/liblto_plugin.so] ==> ignore
    arg [-plugin-opt=/usr/libexec/gcc/x86_64-pc-linux-gnu/5.4.0/lto-wrapper] ==> ignore
    arg [-plugin-opt=-fresolution=/tmp/.private/lu-tze/cc45bOqj.res] ==> ignore
    arg [-plugin-opt=-pass-through=-lgcc] ==> ignore
    arg [-plugin-opt=-pass-through=-lgcc_s] ==> ignore
    arg [-plugin-opt=-pass-through=-lc] ==> ignore
    arg [-plugin-opt=-pass-through=-lgcc] ==> ignore
    arg [-plugin-opt=-pass-through=-lgcc_s] ==> ignore
    arg [--eh-frame-hdr] ==> ignore
    arg [-m] ==> ignore
    arg [elf_x86_64] ==> ignore
    arg [-export-dynamic] ==> ignore
    arg [-dynamic-linker] ==> ignore
    arg [/lib64/ld-linux-x86-64.so.2] ==> ignore
    arg [-o] ==> ignore
    arg [cmTC_d0771] ==> ignore
    arg [/usr/lib/gcc/x86_64-pc-linux-gnu/5.4.0/../../../../lib64/crt1.o] ==> ignore
    arg [/usr/lib/gcc/x86_64-pc-linux-gnu/5.4.0/../../../../lib64/crti.o] ==> ignore
    arg [/usr/lib/gcc/x86_64-pc-linux-gnu/5.4.0/crtbegin.o] ==> ignore
    arg [-L/usr/lib/gcc/x86_64-pc-linux-gnu/5.4.0] ==> dir [/usr/lib/gcc/x86_64-pc-linux-gnu/5.4.0]
    arg [-L/usr/lib/gcc/x86_64-pc-linux-gnu/5.4.0/../../../../lib64] ==> dir [/usr/lib/gcc/x86_64-pc-linux-gnu/5.4.0/../../../../lib64]
    arg [-L/lib/../lib64] ==> dir [/lib/../lib64]
    arg [-L/usr/lib/../lib64] ==> dir [/usr/lib/../lib64]
    arg [-L/usr/lib/gcc/x86_64-pc-linux-gnu/5.4.0/../../../../x86_64-pc-linux-gnu/lib] ==> dir [/usr/lib/gcc/x86_64-pc-linux-gnu/5.4.0/../../../../x86_64-pc-linux-gnu/lib]
    arg [-L/usr/lib/gcc/x86_64-pc-linux-gnu/5.4.0/../../..] ==> dir [/usr/lib/gcc/x86_64-pc-linux-gnu/5.4.0/../../..]
    arg [CMakeFiles/cmTC_d0771.dir/CMakeCCompilerABI.c.o] ==> ignore
    arg [-lgcc] ==> lib [gcc]
    arg [--as-needed] ==> ignore
    arg [-lgcc_s] ==> lib [gcc_s]
    arg [--no-as-needed] ==> ignore
    arg [-lc] ==> lib [c]
    arg [-lgcc] ==> lib [gcc]
    arg [--as-needed] ==> ignore
    arg [-lgcc_s] ==> lib [gcc_s]
    arg [--no-as-needed] ==> ignore
    arg [/usr/lib/gcc/x86_64-pc-linux-gnu/5.4.0/crtend.o] ==> ignore
    arg [/usr/lib/gcc/x86_64-pc-linux-gnu/5.4.0/../../../../lib64/crtn.o] ==> ignore
  remove lib [gcc]
  remove lib [gcc_s]
  remove lib [gcc]
  remove lib [gcc_s]
  collapse library dir [/usr/lib/gcc/x86_64-pc-linux-gnu/5.4.0] ==> [/usr/lib/gcc/x86_64-pc-linux-gnu/5.4.0]
  collapse library dir [/usr/lib/gcc/x86_64-pc-linux-gnu/5.4.0/../../../../lib64] ==> [/usr/lib64]
  collapse library dir [/lib/../lib64] ==> [/lib64]
  collapse library dir [/usr/lib/../lib64] ==> [/usr/lib64]
  collapse library dir [/usr/lib/gcc/x86_64-pc-linux-gnu/5.4.0/../../../../x86_64-pc-linux-gnu/lib] ==> [/usr/x86_64-pc-linux-gnu/lib]
  collapse library dir [/usr/lib/gcc/x86_64-pc-linux-gnu/5.4.0/../../..] ==> [/usr/lib]
  implicit libs: [c]
  implicit dirs: [/usr/lib/gcc/x86_64-pc-linux-gnu/5.4.0;/usr/lib64;/lib64;/usr/x86_64-pc-linux-gnu/lib;/usr/lib]
  implicit fwks: []




Detecting C [-std=c11] compiler features compiled with the following output:
Change Dir: /home/lu-tze/ext/archive/projects/code/active/morpheus/src/deps/pugixml/scripts/CMakeFiles/CMakeTmp

Run Build Command:"/usr/bin/gmake" "cmTC_8f020/fast"
gmake[3]: Entering directory '/home/lu-tze/ext/archive/projects/code/active/morpheus/src/deps/pugixml/scripts/CMakeFiles/CMakeTmp'
/usr/bin/gmake -f CMakeFiles/cmTC_8f020.dir/build.make CMakeFiles/cmTC_8f020.dir/build
gmake[4]: Entering directory '/home/lu-tze/ext/archive/projects/code/active/morpheus/src/deps/pugixml/scripts/CMakeFiles/CMakeTmp'
Building C object CMakeFiles/cmTC_8f020.dir/feature_tests.c.o
/usr/bin/cc    -std=c11 -o CMakeFiles/cmTC_8f020.dir/feature_tests.c.o   -c /home/lu-tze/ext/archive/projects/code/active/morpheus/src/deps/pugixml/scripts/CMakeFiles/feature_tests.c
Linking C executable cmTC_8f020
/usr/bin/cmake -E cmake_link_script CMakeFiles/cmTC_8f020.dir/link.txt --verbose=1
/usr/bin/cc       CMakeFiles/cmTC_8f020.dir/feature_tests.c.o  -o cmTC_8f020 -rdynamic 
gmake[4]: Leaving directory '/home/lu-tze/ext/archive/projects/code/active/morpheus/src/deps/pugixml/scripts/CMakeFiles/CMakeTmp'
gmake[3]: Leaving directory '/home/lu-tze/ext/archive/projects/code/active/morpheus/src/deps/pugixml/scripts/CMakeFiles/CMakeTmp'


    Feature record: C_FEATURE:1c_function_prototypes
    Feature record: C_FEATURE:1c_restrict
    Feature record: C_FEATURE:1c_static_assert
    Feature record: C_FEATURE:1c_variadic_macros


Detecting C [-std=c99] compiler features compiled with the following output:
Change Dir: /home/lu-tze/ext/archive/projects/code/active/morpheus/src/deps/pugixml/scripts/CMakeFiles/CMakeTmp

Run Build Command:"/usr/bin/gmake" "cmTC_eea9f/fast"
gmake[3]: Entering directory '/home/lu-tze/ext/archive/projects/code/active/morpheus/src/deps/pugixml/scripts/CMakeFiles/CMakeTmp'
/usr/bin/gmake -f CMakeFiles/cmTC_eea9f.dir/build.make CMakeFiles/cmTC_eea9f.dir/build
gmake[4]: Entering directory '/home/lu-tze/ext/archive/projects/code/active/morpheus/src/deps/pugixml/scripts/CMakeFiles/CMakeTmp'
Building C object CMakeFiles/cmTC_eea9f.dir/feature_tests.c.o
/usr/bin/cc    -std=c99 -o CMakeFiles/cmTC_eea9f.dir/feature_tests.c.o   -c /home/lu-tze/ext/archive/projects/code/active/morpheus/src/deps/pugixml/scripts/CMakeFiles/feature_tests.c
Linking C executable cmTC_eea9f
/usr/bin/cmake -E cmake_link_script CMakeFiles/cmTC_eea9f.dir/link.txt --verbose=1
/usr/bin/cc       CMakeFiles/cmTC_eea9f.dir/feature_tests.c.o  -o cmTC_eea9f -rdynamic 
gmake[4]: Leaving directory '/home/lu-tze/ext/archive/projects/code/active/morpheus/src/deps/pugixml/scripts/CMakeFiles/CMakeTmp'
gmake[3]: Leaving directory '/home/lu-tze/ext/archive/projects/code/active/morpheus/src/deps/pugixml/scripts/CMakeFiles/CMakeTmp'


    Feature record: C_FEATURE:1c_function_prototypes
    Feature record: C_FEATURE:1c_restrict
    Feature record: C_FEATURE:0c_static_assert
    Feature record: C_FEATURE:1c_variadic_macros


Detecting C [-std=c90] compiler features compiled with the following output:
Change Dir: /home/lu-tze/ext/archive/projects/code/active/morpheus/src/deps/pugixml/scripts/CMakeFiles/CMakeTmp

Run Build Command:"/usr/bin/gmake" "cmTC_c4927/fast"
gmake[3]: Entering directory '/home/lu-tze/ext/archive/projects/code/active/morpheus/src/deps/pugixml/scripts/CMakeFiles/CMakeTmp'
/usr/bin/gmake -f CMakeFiles/cmTC_c4927.dir/build.make CMakeFiles/cmTC_c4927.dir/build
gmake[4]: Entering directory '/home/lu-tze/ext/archive/projects/code/active/morpheus/src/deps/pugixml/scripts/CMakeFiles/CMakeTmp'
Building C object CMakeFiles/cmTC_c4927.dir/feature_tests.c.o
/usr/bin/cc    -std=c90 -o CMakeFiles/cmTC_c4927.dir/feature_tests.c.o   -c /home/lu-tze/ext/archive/projects/code/active/morpheus/src/deps/pugixml/scripts/CMakeFiles/feature_tests.c
Linking C executable cmTC_c4927
/usr/bin/cmake -E cmake_link_script CMakeFiles/cmTC_c4927.dir/link.txt --verbose=1
/usr/bin/cc       CMakeFiles/cmTC_c4927.dir/feature_tests.c.o  -o cmTC_c4927 -rdynamic 
gmake[4]: Leaving directory '/home/lu-tze/ext/archive/projects/code/active/morpheus/src/deps/pugixml/scripts/CMakeFiles/CMakeTmp'
gmake[3]: Leaving directory '/home/lu-tze/ext/archive/projects/code/active/morpheus/src/deps/pugixml/scripts/CMakeFiles/CMakeTmp'


    Feature record: C_FEATURE:1c_function_prototypes
    Feature record: C_FEATURE:0c_restrict
    Feature record: C_FEATURE:0c_static_assert
    Feature record: C_FEATURE:0c_variadic_macros
Determining if the CXX compiler works passed with the following output:
Change Dir: /home/lu-tze/ext/archive/projects/code/active/morpheus/src/deps/pugixml/scripts/CMakeFiles/CMakeTmp

Run Build Command:"/usr/bin/gmake" "cmTC_8543c/fast"
gmake[3]: Entering directory '/home/lu-tze/ext/archive/projects/code/active/morpheus/src/deps/pugixml/scripts/CMakeFiles/CMakeTmp'
/usr/bin/gmake -f CMakeFiles/cmTC_8543c.dir/build.make CMakeFiles/cmTC_8543c.dir/build
gmake[4]: Entering directory '/home/lu-tze/ext/archive/projects/code/active/morpheus/src/deps/pugixml/scripts/CMakeFiles/CMakeTmp'
Building CXX object CMakeFiles/cmTC_8543c.dir/testCXXCompiler.cxx.o
/usr/bin/c++      -o CMakeFiles/cmTC_8543c.dir/testCXXCompiler.cxx.o -c /home/lu-tze/ext/archive/projects/code/active/morpheus/src/deps/pugixml/scripts/CMakeFiles/CMakeTmp/testCXXCompiler.cxx
Linking CXX executable cmTC_8543c
/usr/bin/cmake -E cmake_link_script CMakeFiles/cmTC_8543c.dir/link.txt --verbose=1
/usr/bin/c++        CMakeFiles/cmTC_8543c.dir/testCXXCompiler.cxx.o  -o cmTC_8543c -rdynamic 
gmake[4]: Leaving directory '/home/lu-tze/ext/archive/projects/code/active/morpheus/src/deps/pugixml/scripts/CMakeFiles/CMakeTmp'
gmake[3]: Leaving directory '/home/lu-tze/ext/archive/projects/code/active/morpheus/src/deps/pugixml/scripts/CMakeFiles/CMakeTmp'


Detecting CXX compiler ABI info compiled with the following output:
Change Dir: /home/lu-tze/ext/archive/projects/code/active/morpheus/src/deps/pugixml/scripts/CMakeFiles/CMakeTmp

Run Build Command:"/usr/bin/gmake" "cmTC_ab941/fast"
gmake[3]: Entering directory '/home/lu-tze/ext/archive/projects/code/active/morpheus/src/deps/pugixml/scripts/CMakeFiles/CMakeTmp'
/usr/bin/gmake -f CMakeFiles/cmTC_ab941.dir/build.make CMakeFiles/cmTC_ab941.dir/build
gmake[4]: Entering directory '/home/lu-tze/ext/archive/projects/code/active/morpheus/src/deps/pugixml/scripts/CMakeFiles/CMakeTmp'
Building CXX object CMakeFiles/cmTC_ab941.dir/CMakeCXXCompilerABI.cpp.o
/usr/bin/c++      -o CMakeFiles/cmTC_ab941.dir/CMakeCXXCompilerABI.cpp.o -c /usr/share/cmake/Modules/CMakeCXXCompilerABI.cpp
Linking CXX executable cmTC_ab941
/usr/bin/cmake -E cmake_link_script CMakeFiles/cmTC_ab941.dir/link.txt --verbose=1
/usr/bin/c++       -v CMakeFiles/cmTC_ab941.dir/CMakeCXXCompilerABI.cpp.o  -o cmTC_ab941 -rdynamic  
Using built-in specs.
COLLECT_GCC=/usr/x86_64-pc-linux-gnu/gcc-bin/5.4.0/c++
COLLECT_LTO_WRAPPER=/usr/libexec/gcc/x86_64-pc-linux-gnu/5.4.0/lto-wrapper
Target: x86_64-pc-linux-gnu
Configured with: /var/tmp/portage/sys-devel/gcc-5.4.0-r3/work/gcc-5.4.0/configure --host=x86_64-pc-linux-gnu --build=x86_64-pc-linux-gnu --prefix=/usr --bindir=/usr/x86_64-pc-linux-gnu/gcc-bin/5.4.0 --includedir=/usr/lib/gcc/x86_64-pc-linux-gnu/5.4.0/include --datadir=/usr/share/gcc-data/x86_64-pc-linux-gnu/5.4.0 --mandir=/usr/share/gcc-data/x86_64-pc-linux-gnu/5.4.0/man --infodir=/usr/share/gcc-data/x86_64-pc-linux-gnu/5.4.0/info --with-gxx-include-dir=/usr/lib/gcc/x86_64-pc-linux-gnu/5.4.0/include/g++-v5 --with-python-dir=/share/gcc-data/x86_64-pc-linux-gnu/5.4.0/python --enable-languages=c,c++,fortran --enable-obsolete --enable-secureplt --disable-werror --with-system-zlib --enable-nls --without-included-gettext --enable-checking=release --with-bugurl=https://bugs.gentoo.org/ --with-pkgversion='Gentoo 5.4.0-r3 p1.3, pie-0.6.5' --enable-libstdcxx-time --enable-shared --enable-threads=posix --enable-__cxa_atexit --enable-clocale=gnu --enable-multilib --with-multilib-list=m32,m64 --disable-altivec --disable-fixed-point --enable-targets=all --disable-libgcj --enable-libgomp --disable-libmudflap --disable-libssp --disable-libcilkrts --enable-libmpx --enable-vtable-verify --enable-libvtv --enable-lto --with-isl --disable-isl-version-check --enable-libsanitizer
Thread model: posix
gcc version 5.4.0 (Gentoo 5.4.0-r3 p1.3, pie-0.6.5) 
COMPILER_PATH=/usr/libexec/gcc/x86_64-pc-linux-gnu/5.4.0/:/usr/libexec/gcc/x86_64-pc-linux-gnu/5.4.0/:/usr/libexec/gcc/x86_64-pc-linux-gnu/:/usr/lib/gcc/x86_64-pc-linux-gnu/5.4.0/:/usr/lib/gcc/x86_64-pc-linux-gnu/:/usr/lib/gcc/x86_64-pc-linux-gnu/5.4.0/../../../../x86_64-pc-linux-gnu/bin/
LIBRARY_PATH=/usr/lib/gcc/x86_64-pc-linux-gnu/5.4.0/:/usr/lib/gcc/x86_64-pc-linux-gnu/5.4.0/../../../../lib64/:/lib/../lib64/:/usr/lib/../lib64/:/usr/lib/gcc/x86_64-pc-linux-gnu/5.4.0/../../../../x86_64-pc-linux-gnu/lib/:/usr/lib/gcc/x86_64-pc-linux-gnu/5.4.0/../../../:/lib/:/usr/lib/
COLLECT_GCC_OPTIONS='-v' '-o' 'cmTC_ab941' '-rdynamic' '-shared-libgcc' '-mtune=generic' '-march=x86-64'
 /usr/libexec/gcc/x86_64-pc-linux-gnu/5.4.0/collect2 -plugin /usr/libexec/gcc/x86_64-pc-linux-gnu/5.4.0/liblto_plugin.so -plugin-opt=/usr/libexec/gcc/x86_64-pc-linux-gnu/5.4.0/lto-wrapper -plugin-opt=-fresolution=/tmp/.private/lu-tze/ccTTKMIM.res -plugin-opt=-pass-through=-lgcc_s -plugin-opt=-pass-through=-lgcc -plugin-opt=-pass-through=-lc -plugin-opt=-pass-through=-lgcc_s -plugin-opt=-pass-through=-lgcc --eh-frame-hdr -m elf_x86_64 -export-dynamic -dynamic-linker /lib64/ld-linux-x86-64.so.2 -o cmTC_ab941 /usr/lib/gcc/x86_64-pc-linux-gnu/5.4.0/../../../../lib64/crt1.o /usr/lib/gcc/x86_64-pc-linux-gnu/5.4.0/../../../../lib64/crti.o /usr/lib/gcc/x86_64-pc-linux-gnu/5.4.0/crtbegin.o -L/usr/lib/gcc/x86_64-pc-linux-gnu/5.4.0 -L/usr/lib/gcc/x86_64-pc-linux-gnu/5.4.0/../../../../lib64 -L/lib/../lib64 -L/usr/lib/../lib64 -L/usr/lib/gcc/x86_64-pc-linux-gnu/5.4.0/../../../../x86_64-pc-linux-gnu/lib -L/usr/lib/gcc/x86_64-pc-linux-gnu/5.4.0/../../.. CMakeFiles/cmTC_ab941.dir/CMakeCXXCompilerABI.cpp.o -lstdc++ -lm -lgcc_s -lgcc -lc -lgcc_s -lgcc /usr/lib/gcc/x86_64-pc-linux-gnu/5.4.0/crtend.o /usr/lib/gcc/x86_64-pc-linux-gnu/5.4.0/../../../../lib64/crtn.o
gmake[4]: Leaving directory '/home/lu-tze/ext/archive/projects/code/active/morpheus/src/deps/pugixml/scripts/CMakeFiles/CMakeTmp'
gmake[3]: Leaving directory '/home/lu-tze/ext/archive/projects/code/active/morpheus/src/deps/pugixml/scripts/CMakeFiles/CMakeTmp'


Parsed CXX implicit link information from above output:
  link line regex: [^( *|.*[/\])(ld|([^/\]+-)?ld|collect2)[^/\]*( |$)]
  ignore line: [Change Dir: /home/lu-tze/ext/archive/projects/code/active/morpheus/src/deps/pugixml/scripts/CMakeFiles/CMakeTmp]
  ignore line: []
  ignore line: [Run Build Command:"/usr/bin/gmake" "cmTC_ab941/fast"]
  ignore line: [gmake[3]: Entering directory '/home/lu-tze/ext/archive/projects/code/active/morpheus/src/deps/pugixml/scripts/CMakeFiles/CMakeTmp']
  ignore line: [/usr/bin/gmake -f CMakeFiles/cmTC_ab941.dir/build.make CMakeFiles/cmTC_ab941.dir/build]
  ignore line: [gmake[4]: Entering directory '/home/lu-tze/ext/archive/projects/code/active/morpheus/src/deps/pugixml/scripts/CMakeFiles/CMakeTmp']
  ignore line: [Building CXX object CMakeFiles/cmTC_ab941.dir/CMakeCXXCompilerABI.cpp.o]
  ignore line: [/usr/bin/c++      -o CMakeFiles/cmTC_ab941.dir/CMakeCXXCompilerABI.cpp.o -c /usr/share/cmake/Modules/CMakeCXXCompilerABI.cpp]
  ignore line: [Linking CXX executable cmTC_ab941]
  ignore line: [/usr/bin/cmake -E cmake_link_script CMakeFiles/cmTC_ab941.dir/link.txt --verbose=1]
  ignore line: [/usr/bin/c++       -v CMakeFiles/cmTC_ab941.dir/CMakeCXXCompilerABI.cpp.o  -o cmTC_ab941 -rdynamic  ]
  ignore line: [Using built-in specs.]
  ignore line: [COLLECT_GCC=/usr/x86_64-pc-linux-gnu/gcc-bin/5.4.0/c++]
  ignore line: [COLLECT_LTO_WRAPPER=/usr/libexec/gcc/x86_64-pc-linux-gnu/5.4.0/lto-wrapper]
  ignore line: [Target: x86_64-pc-linux-gnu]
  ignore line: [Configured with: /var/tmp/portage/sys-devel/gcc-5.4.0-r3/work/gcc-5.4.0/configure --host=x86_64-pc-linux-gnu --build=x86_64-pc-linux-gnu --prefix=/usr --bindir=/usr/x86_64-pc-linux-gnu/gcc-bin/5.4.0 --includedir=/usr/lib/gcc/x86_64-pc-linux-gnu/5.4.0/include --datadir=/usr/share/gcc-data/x86_64-pc-linux-gnu/5.4.0 --mandir=/usr/share/gcc-data/x86_64-pc-linux-gnu/5.4.0/man --infodir=/usr/share/gcc-data/x86_64-pc-linux-gnu/5.4.0/info --with-gxx-include-dir=/usr/lib/gcc/x86_64-pc-linux-gnu/5.4.0/include/g++-v5 --with-python-dir=/share/gcc-data/x86_64-pc-linux-gnu/5.4.0/python --enable-languages=c,c++,fortran --enable-obsolete --enable-secureplt --disable-werror --with-system-zlib --enable-nls --without-included-gettext --enable-checking=release --with-bugurl=https://bugs.gentoo.org/ --with-pkgversion='Gentoo 5.4.0-r3 p1.3, pie-0.6.5' --enable-libstdcxx-time --enable-shared --enable-threads=posix --enable-__cxa_atexit --enable-clocale=gnu --enable-multilib --with-multilib-list=m32,m64 --disable-altivec --disable-fixed-point --enable-targets=all --disable-libgcj --enable-libgomp --disable-libmudflap --disable-libssp --disable-libcilkrts --enable-libmpx --enable-vtable-verify --enable-libvtv --enable-lto --with-isl --disable-isl-version-check --enable-libsanitizer]
  ignore line: [Thread model: posix]
  ignore line: [gcc version 5.4.0 (Gentoo 5.4.0-r3 p1.3, pie-0.6.5) ]
  ignore line: [COMPILER_PATH=/usr/libexec/gcc/x86_64-pc-linux-gnu/5.4.0/:/usr/libexec/gcc/x86_64-pc-linux-gnu/5.4.0/:/usr/libexec/gcc/x86_64-pc-linux-gnu/:/usr/lib/gcc/x86_64-pc-linux-gnu/5.4.0/:/usr/lib/gcc/x86_64-pc-linux-gnu/:/usr/lib/gcc/x86_64-pc-linux-gnu/5.4.0/../../../../x86_64-pc-linux-gnu/bin/]
  ignore line: [LIBRARY_PATH=/usr/lib/gcc/x86_64-pc-linux-gnu/5.4.0/:/usr/lib/gcc/x86_64-pc-linux-gnu/5.4.0/../../../../lib64/:/lib/../lib64/:/usr/lib/../lib64/:/usr/lib/gcc/x86_64-pc-linux-gnu/5.4.0/../../../../x86_64-pc-linux-gnu/lib/:/usr/lib/gcc/x86_64-pc-linux-gnu/5.4.0/../../../:/lib/:/usr/lib/]
  ignore line: [COLLECT_GCC_OPTIONS='-v' '-o' 'cmTC_ab941' '-rdynamic' '-shared-libgcc' '-mtune=generic' '-march=x86-64']
  link line: [ /usr/libexec/gcc/x86_64-pc-linux-gnu/5.4.0/collect2 -plugin /usr/libexec/gcc/x86_64-pc-linux-gnu/5.4.0/liblto_plugin.so -plugin-opt=/usr/libexec/gcc/x86_64-pc-linux-gnu/5.4.0/lto-wrapper -plugin-opt=-fresolution=/tmp/.private/lu-tze/ccTTKMIM.res -plugin-opt=-pass-through=-lgcc_s -plugin-opt=-pass-through=-lgcc -plugin-opt=-pass-through=-lc -plugin-opt=-pass-through=-lgcc_s -plugin-opt=-pass-through=-lgcc --eh-frame-hdr -m elf_x86_64 -export-dynamic -dynamic-linker /lib64/ld-linux-x86-64.so.2 -o cmTC_ab941 /usr/lib/gcc/x86_64-pc-linux-gnu/5.4.0/../../../../lib64/crt1.o /usr/lib/gcc/x86_64-pc-linux-gnu/5.4.0/../../../../lib64/crti.o /usr/lib/gcc/x86_64-pc-linux-gnu/5.4.0/crtbegin.o -L/usr/lib/gcc/x86_64-pc-linux-gnu/5.4.0 -L/usr/lib/gcc/x86_64-pc-linux-gnu/5.4.0/../../../../lib64 -L/lib/../lib64 -L/usr/lib/../lib64 -L/usr/lib/gcc/x86_64-pc-linux-gnu/5.4.0/../../../../x86_64-pc-linux-gnu/lib -L/usr/lib/gcc/x86_64-pc-linux-gnu/5.4.0/../../.. CMakeFiles/cmTC_ab941.dir/CMakeCXXCompilerABI.cpp.o -lstdc++ -lm -lgcc_s -lgcc -lc -lgcc_s -lgcc /usr/lib/gcc/x86_64-pc-linux-gnu/5.4.0/crtend.o /usr/lib/gcc/x86_64-pc-linux-gnu/5.4.0/../../../../lib64/crtn.o]
    arg [/usr/libexec/gcc/x86_64-pc-linux-gnu/5.4.0/collect2] ==> ignore
    arg [-plugin] ==> ignore
    arg [/usr/libexec/gcc/x86_64-pc-linux-gnu/5.4.0/liblto_plugin.so] ==> ignore
    arg [-plugin-opt=/usr/libexec/gcc/x86_64-pc-linux-gnu/5.4.0/lto-wrapper] ==> ignore
    arg [-plugin-opt=-fresolution=/tmp/.private/lu-tze/ccTTKMIM.res] ==> ignore
    arg [-plugin-opt=-pass-through=-lgcc_s] ==> ignore
    arg [-plugin-opt=-pass-through=-lgcc] ==> ignore
    arg [-plugin-opt=-pass-through=-lc] ==> ignore
    arg [-plugin-opt=-pass-through=-lgcc_s] ==> ignore
    arg [-plugin-opt=-pass-through=-lgcc] ==> ignore
    arg [--eh-frame-hdr] ==> ignore
    arg [-m] ==> ignore
    arg [elf_x86_64] ==> ignore
    arg [-export-dynamic] ==> ignore
    arg [-dynamic-linker] ==> ignore
    arg [/lib64/ld-linux-x86-64.so.2] ==> ignore
    arg [-o] ==> ignore
    arg [cmTC_ab941] ==> ignore
    arg [/usr/lib/gcc/x86_64-pc-linux-gnu/5.4.0/../../../../lib64/crt1.o] ==> ignore
    arg [/usr/lib/gcc/x86_64-pc-linux-gnu/5.4.0/../../../../lib64/crti.o] ==> ignore
    arg [/usr/lib/gcc/x86_64-pc-linux-gnu/5.4.0/crtbegin.o] ==> ignore
    arg [-L/usr/lib/gcc/x86_64-pc-linux-gnu/5.4.0] ==> dir [/usr/lib/gcc/x86_64-pc-linux-gnu/5.4.0]
    arg [-L/usr/lib/gcc/x86_64-pc-linux-gnu/5.4.0/../../../../lib64] ==> dir [/usr/lib/gcc/x86_64-pc-linux-gnu/5.4.0/../../../../lib64]
    arg [-L/lib/../lib64] ==> dir [/lib/../lib64]
    arg [-L/usr/lib/../lib64] ==> dir [/usr/lib/../lib64]
    arg [-L/usr/lib/gcc/x86_64-pc-linux-gnu/5.4.0/../../../../x86_64-pc-linux-gnu/lib] ==> dir [/usr/lib/gcc/x86_64-pc-linux-gnu/5.4.0/../../../../x86_64-pc-linux-gnu/lib]
    arg [-L/usr/lib/gcc/x86_64-pc-linux-gnu/5.4.0/../../..] ==> dir [/usr/lib/gcc/x86_64-pc-linux-gnu/5.4.0/../../..]
    arg [CMakeFiles/cmTC_ab941.dir/CMakeCXXCompilerABI.cpp.o] ==> ignore
    arg [-lstdc++] ==> lib [stdc++]
    arg [-lm] ==> lib [m]
    arg [-lgcc_s] ==> lib [gcc_s]
    arg [-lgcc] ==> lib [gcc]
    arg [-lc] ==> lib [c]
    arg [-lgcc_s] ==> lib [gcc_s]
    arg [-lgcc] ==> lib [gcc]
    arg [/usr/lib/gcc/x86_64-pc-linux-gnu/5.4.0/crtend.o] ==> ignore
    arg [/usr/lib/gcc/x86_64-pc-linux-gnu/5.4.0/../../../../lib64/crtn.o] ==> ignore
  remove lib [gcc_s]
  remove lib [gcc]
  remove lib [gcc_s]
  remove lib [gcc]
  collapse library dir [/usr/lib/gcc/x86_64-pc-linux-gnu/5.4.0] ==> [/usr/lib/gcc/x86_64-pc-linux-gnu/5.4.0]
  collapse library dir [/usr/lib/gcc/x86_64-pc-linux-gnu/5.4.0/../../../../lib64] ==> [/usr/lib64]
  collapse library dir [/lib/../lib64] ==> [/lib64]
  collapse library dir [/usr/lib/../lib64] ==> [/usr/lib64]
  collapse library dir [/usr/lib/gcc/x86_64-pc-linux-gnu/5.4.0/../../../../x86_64-pc-linux-gnu/lib] ==> [/usr/x86_64-pc-linux-gnu/lib]
  collapse library dir [/usr/lib/gcc/x86_64-pc-linux-gnu/5.4.0/../../..] ==> [/usr/lib]
  implicit libs: [stdc++;m;c]
  implicit dirs: [/usr/lib/gcc/x86_64-pc-linux-gnu/5.4.0;/usr/lib64;/lib64;/usr/x86_64-pc-linux-gnu/lib;/usr/lib]
  implicit fwks: []




Detecting CXX [-std=c++14] compiler features compiled with the following output:
Change Dir: /home/lu-tze/ext/archive/projects/code/active/morpheus/src/deps/pugixml/scripts/CMakeFiles/CMakeTmp

Run Build Command:"/usr/bin/gmake" "cmTC_ccf1e/fast"
gmake[3]: Entering directory '/home/lu-tze/ext/archive/projects/code/active/morpheus/src/deps/pugixml/scripts/CMakeFiles/CMakeTmp'
/usr/bin/gmake -f CMakeFiles/cmTC_ccf1e.dir/build.make CMakeFiles/cmTC_ccf1e.dir/build
gmake[4]: Entering directory '/home/lu-tze/ext/archive/projects/code/active/morpheus/src/deps/pugixml/scripts/CMakeFiles/CMakeTmp'
Building CXX object CMakeFiles/cmTC_ccf1e.dir/feature_tests.cxx.o
/usr/bin/c++     -std=c++14 -o CMakeFiles/cmTC_ccf1e.dir/feature_tests.cxx.o -c /home/lu-tze/ext/archive/projects/code/active/morpheus/src/deps/pugixml/scripts/CMakeFiles/feature_tests.cxx
Linking CXX executable cmTC_ccf1e
/usr/bin/cmake -E cmake_link_script CMakeFiles/cmTC_ccf1e.dir/link.txt --verbose=1
/usr/bin/c++        CMakeFiles/cmTC_ccf1e.dir/feature_tests.cxx.o  -o cmTC_ccf1e -rdynamic 
gmake[4]: Leaving directory '/home/lu-tze/ext/archive/projects/code/active/morpheus/src/deps/pugixml/scripts/CMakeFiles/CMakeTmp'
gmake[3]: Leaving directory '/home/lu-tze/ext/archive/projects/code/active/morpheus/src/deps/pugixml/scripts/CMakeFiles/CMakeTmp'


    Feature record: CXX_FEATURE:1cxx_aggregate_default_initializers
    Feature record: CXX_FEATURE:1cxx_alias_templates
    Feature record: CXX_FEATURE:1cxx_alignas
    Feature record: CXX_FEATURE:1cxx_alignof
    Feature record: CXX_FEATURE:1cxx_attributes
    Feature record: CXX_FEATURE:1cxx_attribute_deprecated
    Feature record: CXX_FEATURE:1cxx_auto_type
    Feature record: CXX_FEATURE:1cxx_binary_literals
    Feature record: CXX_FEATURE:1cxx_constexpr
    Feature record: CXX_FEATURE:1cxx_contextual_conversions
    Feature record: CXX_FEATURE:1cxx_decltype
    Feature record: CXX_FEATURE:1cxx_decltype_auto
    Feature record: CXX_FEATURE:1cxx_decltype_incomplete_return_types
    Feature record: CXX_FEATURE:1cxx_default_function_template_args
    Feature record: CXX_FEATURE:1cxx_defaulted_functions
    Feature record: CXX_FEATURE:1cxx_defaulted_move_initializers
    Feature record: CXX_FEATURE:1cxx_delegating_constructors
    Feature record: CXX_FEATURE:1cxx_deleted_functions
    Feature record: CXX_FEATURE:1cxx_digit_separators
    Feature record: CXX_FEATURE:1cxx_enum_forward_declarations
    Feature record: CXX_FEATURE:1cxx_explicit_conversions
    Feature record: CXX_FEATURE:1cxx_extended_friend_declarations
    Feature record: CXX_FEATURE:1cxx_extern_templates
    Feature record: CXX_FEATURE:1cxx_final
    Feature record: CXX_FEATURE:1cxx_func_identifier
    Feature record: CXX_FEATURE:1cxx_generalized_initializers
    Feature record: CXX_FEATURE:1cxx_generic_lambdas
    Feature record: CXX_FEATURE:1cxx_inheriting_constructors
    Feature record: CXX_FEATURE:1cxx_inline_namespaces
    Feature record: CXX_FEATURE:1cxx_lambdas
    Feature record: CXX_FEATURE:1cxx_lambda_init_captures
    Feature record: CXX_FEATURE:1cxx_local_type_template_args
    Feature record: CXX_FEATURE:1cxx_long_long_type
    Feature record: CXX_FEATURE:1cxx_noexcept
    Feature record: CXX_FEATURE:1cxx_nonstatic_member_init
    Feature record: CXX_FEATURE:1cxx_nullptr
    Feature record: CXX_FEATURE:1cxx_override
    Feature record: CXX_FEATURE:1cxx_range_for
    Feature record: CXX_FEATURE:1cxx_raw_string_literals
    Feature record: CXX_FEATURE:1cxx_reference_qualified_functions
    Feature record: CXX_FEATURE:1cxx_relaxed_constexpr
    Feature record: CXX_FEATURE:1cxx_return_type_deduction
    Feature record: CXX_FEATURE:1cxx_right_angle_brackets
    Feature record: CXX_FEATURE:1cxx_rvalue_references
    Feature record: CXX_FEATURE:1cxx_sizeof_member
    Feature record: CXX_FEATURE:1cxx_static_assert
    Feature record: CXX_FEATURE:1cxx_strong_enums
    Feature record: CXX_FEATURE:1cxx_template_template_parameters
    Feature record: CXX_FEATURE:1cxx_thread_local
    Feature record: CXX_FEATURE:1cxx_trailing_return_types
    Feature record: CXX_FEATURE:1cxx_unicode_literals
    Feature record: CXX_FEATURE:1cxx_uniform_initialization
    Feature record: CXX_FEATURE:1cxx_unrestricted_unions
    Feature record: CXX_FEATURE:1cxx_user_literals
    Feature record: CXX_FEATURE:1cxx_variable_templates
    Feature record: CXX_FEATURE:1cxx_variadic_macros
    Feature record: CXX_FEATURE:1cxx_variadic_templates


Detecting CXX [-std=c++11] compiler features compiled with the following output:
Change Dir: /home/lu-tze/ext/archive/projects/code/active/morpheus/src/deps/pugixml/scripts/CMakeFiles/CMakeTmp

Run Build Command:"/usr/bin/gmake" "cmTC_9f44e/fast"
gmake[3]: Entering directory '/home/lu-tze/ext/archive/projects/code/active/morpheus/src/deps/pugixml/scripts/CMakeFiles/CMakeTmp'
/usr/bin/gmake -f CMakeFiles/cmTC_9f44e.dir/build.make CMakeFiles/cmTC_9f44e.dir/build
gmake[4]: Entering directory '/home/lu-tze/ext/archive/projects/code/active/morpheus/src/deps/pugixml/scripts/CMakeFiles/CMakeTmp'
Building CXX object CMakeFiles/cmTC_9f44e.dir/feature_tests.cxx.o
/usr/bin/c++     -std=c++11 -o CMakeFiles/cmTC_9f44e.dir/feature_tests.cxx.o -c /home/lu-tze/ext/archive/projects/code/active/morpheus/src/deps/pugixml/scripts/CMakeFiles/feature_tests.cxx
Linking CXX executable cmTC_9f44e
/usr/bin/cmake -E cmake_link_script CMakeFiles/cmTC_9f44e.dir/link.txt --verbose=1
/usr/bin/c++        CMakeFiles/cmTC_9f44e.dir/feature_tests.cxx.o  -o cmTC_9f44e -rdynamic 
gmake[4]: Leaving directory '/home/lu-tze/ext/archive/projects/code/active/morpheus/src/deps/pugixml/scripts/CMakeFiles/CMakeTmp'
gmake[3]: Leaving directory '/home/lu-tze/ext/archive/projects/code/active/morpheus/src/deps/pugixml/scripts/CMakeFiles/CMakeTmp'


    Feature record: CXX_FEATURE:0cxx_aggregate_default_initializers
    Feature record: CXX_FEATURE:1cxx_alias_templates
    Feature record: CXX_FEATURE:1cxx_alignas
    Feature record: CXX_FEATURE:1cxx_alignof
    Feature record: CXX_FEATURE:1cxx_attributes
    Feature record: CXX_FEATURE:0cxx_attribute_deprecated
    Feature record: CXX_FEATURE:1cxx_auto_type
    Feature record: CXX_FEATURE:0cxx_binary_literals
    Feature record: CXX_FEATURE:1cxx_constexpr
    Feature record: CXX_FEATURE:0cxx_contextual_conversions
    Feature record: CXX_FEATURE:1cxx_decltype
    Feature record: CXX_FEATURE:0cxx_decltype_auto
    Feature record: CXX_FEATURE:1cxx_decltype_incomplete_return_types
    Feature record: CXX_FEATURE:1cxx_default_function_template_args
    Feature record: CXX_FEATURE:1cxx_defaulted_functions
    Feature record: CXX_FEATURE:1cxx_defaulted_move_initializers
    Feature record: CXX_FEATURE:1cxx_delegating_constructors
    Feature record: CXX_FEATURE:1cxx_deleted_functions
    Feature record: CXX_FEATURE:0cxx_digit_separators
    Feature record: CXX_FEATURE:1cxx_enum_forward_declarations
    Feature record: CXX_FEATURE:1cxx_explicit_conversions
    Feature record: CXX_FEATURE:1cxx_extended_friend_declarations
    Feature record: CXX_FEATURE:1cxx_extern_templates
    Feature record: CXX_FEATURE:1cxx_final
    Feature record: CXX_FEATURE:1cxx_func_identifier
    Feature record: CXX_FEATURE:1cxx_generalized_initializers
    Feature record: CXX_FEATURE:0cxx_generic_lambdas
    Feature record: CXX_FEATURE:1cxx_inheriting_constructors
    Feature record: CXX_FEATURE:1cxx_inline_namespaces
    Feature record: CXX_FEATURE:1cxx_lambdas
    Feature record: CXX_FEATURE:0cxx_lambda_init_captures
    Feature record: CXX_FEATURE:1cxx_local_type_template_args
    Feature record: CXX_FEATURE:1cxx_long_long_type
    Feature record: CXX_FEATURE:1cxx_noexcept
    Feature record: CXX_FEATURE:1cxx_nonstatic_member_init
    Feature record: CXX_FEATURE:1cxx_nullptr
    Feature record: CXX_FEATURE:1cxx_override
    Feature record: CXX_FEATURE:1cxx_range_for
    Feature record: CXX_FEATURE:1cxx_raw_string_literals
    Feature record: CXX_FEATURE:1cxx_reference_qualified_functions
    Feature record: CXX_FEATURE:0cxx_relaxed_constexpr
    Feature record: CXX_FEATURE:0cxx_return_type_deduction
    Feature record: CXX_FEATURE:1cxx_right_angle_brackets
    Feature record: CXX_FEATURE:1cxx_rvalue_references
    Feature record: CXX_FEATURE:1cxx_sizeof_member
    Feature record: CXX_FEATURE:1cxx_static_assert
    Feature record: CXX_FEATURE:1cxx_strong_enums
    Feature record: CXX_FEATURE:1cxx_template_template_parameters
    Feature record: CXX_FEATURE:1cxx_thread_local
    Feature record: CXX_FEATURE:1cxx_trailing_return_types
    Feature record: CXX_FEATURE:1cxx_unicode_literals
    Feature record: CXX_FEATURE:1cxx_uniform_initialization
    Feature record: CXX_FEATURE:1cxx_unrestricted_unions
    Feature record: CXX_FEATURE:1cxx_user_literals
    Feature record: CXX_FEATURE:0cxx_variable_templates
    Feature record: CXX_FEATURE:1cxx_variadic_macros
    Feature record: CXX_FEATURE:1cxx_variadic_templates


Detecting CXX [-std=c++98] compiler features compiled with the following output:
Change Dir: /home/lu-tze/ext/archive/projects/code/active/morpheus/src/deps/pugixml/scripts/CMakeFiles/CMakeTmp

Run Build Command:"/usr/bin/gmake" "cmTC_9ca42/fast"
gmake[3]: Entering directory '/home/lu-tze/ext/archive/projects/code/active/morpheus/src/deps/pugixml/scripts/CMakeFiles/CMakeTmp'
/usr/bin/gmake -f CMakeFiles/cmTC_9ca42.dir/build.make CMakeFiles/cmTC_9ca42.dir/build
gmake[4]: Entering directory '/home/lu-tze/ext/archive/projects/code/active/morpheus/src/deps/pugixml/scripts/CMakeFiles/CMakeTmp'
Building CXX object CMakeFiles/cmTC_9ca42.dir/feature_tests.cxx.o
/usr/bin/c++     -std=c++98 -o CMakeFiles/cmTC_9ca42.dir/feature_tests.cxx.o -c /home/lu-tze/ext/archive/projects/code/active/morpheus/src/deps/pugixml/scripts/CMakeFiles/feature_tests.cxx
Linking CXX executable cmTC_9ca42
/usr/bin/cmake -E cmake_link_script CMakeFiles/cmTC_9ca42.dir/link.txt --verbose=1
/usr/bin/c++        CMakeFiles/cmTC_9ca42.dir/feature_tests.cxx.o  -o cmTC_9ca42 -rdynamic 
gmake[4]: Leaving directory '/home/lu-tze/ext/archive/projects/code/active/morpheus/src/deps/pugixml/scripts/CMakeFiles/CMakeTmp'
gmake[3]: Leaving directory '/home/lu-tze/ext/archive/projects/code/active/morpheus/src/deps/pugixml/scripts/CMakeFiles/CMakeTmp'


    Feature record: CXX_FEATURE:0cxx_aggregate_default_initializers
    Feature record: CXX_FEATURE:0cxx_alias_templates
    Feature record: CXX_FEATURE:0cxx_alignas
    Feature record: CXX_FEATURE:0cxx_alignof
    Feature record: CXX_FEATURE:0cxx_attributes
    Feature record: CXX_FEATURE:0cxx_attribute_deprecated
    Feature record: CXX_FEATURE:0cxx_auto_type
    Feature record: CXX_FEATURE:0cxx_binary_literals
    Feature record: CXX_FEATURE:0cxx_constexpr
    Feature record: CXX_FEATURE:0cxx_contextual_conversions
    Feature record: CXX_FEATURE:0cxx_decltype
    Feature record: CXX_FEATURE:0cxx_decltype_auto
    Feature record: CXX_FEATURE:0cxx_decltype_incomplete_return_types
    Feature record: CXX_FEATURE:0cxx_default_function_template_args
    Feature record: CXX_FEATURE:0cxx_defaulted_functions
    Feature record: CXX_FEATURE:0cxx_defaulted_move_initializers
    Feature record: CXX_FEATURE:0cxx_delegating_constructors
    Feature record: CXX_FEATURE:0cxx_deleted_functions
    Feature record: CXX_FEATURE:0cxx_digit_separators
    Feature record: CXX_FEATURE:0cxx_enum_forward_declarations
    Feature record: CXX_FEATURE:0cxx_explicit_conversions
    Feature record: CXX_FEATURE:0cxx_extended_friend_declarations
    Feature record: CXX_FEATURE:0cxx_extern_templates
    Feature record: CXX_FEATURE:0cxx_final
    Feature record: CXX_FEATURE:0cxx_func_identifier
    Feature record: CXX_FEATURE:0cxx_generalized_initializers
    Feature record: CXX_FEATURE:0cxx_generic_lambdas
    Feature record: CXX_FEATURE:0cxx_inheriting_constructors
    Feature record: CXX_FEATURE:0cxx_inline_namespaces
    Feature record: CXX_FEATURE:0cxx_lambdas
    Feature record: CXX_FEATURE:0cxx_lambda_init_captures
    Feature record: CXX_FEATURE:0cxx_local_type_template_args
    Feature record: CXX_FEATURE:0cxx_long_long_type
    Feature record: CXX_FEATURE:0cxx_noexcept
    Feature record: CXX_FEATURE:0cxx_nonstatic_member_init
    Feature record: CXX_FEATURE:0cxx_nullptr
    Feature record: CXX_FEATURE:0cxx_override
    Feature record: CXX_FEATURE:0cxx_range_for
    Feature record: CXX_FEATURE:0cxx_raw_string_literals
    Feature record: CXX_FEATURE:0cxx_reference_qualified_functions
    Feature record: CXX_FEATURE:0cxx_relaxed_constexpr
    Feature record: CXX_FEATURE:0cxx_return_type_deduction
    Feature record: CXX_FEATURE:0cxx_right_angle_brackets
    Feature record: CXX_FEATURE:0cxx_rvalue_references
    Feature record: CXX_FEATURE:0cxx_sizeof_member
    Feature record: CXX_FEATURE:0cxx_static_assert
    Feature record: CXX_FEATURE:0cxx_strong_enums
    Feature record: CXX_FEATURE:1cxx_template_template_parameters
    Feature record: CXX_FEATURE:0cxx_thread_local
    Feature record: CXX_FEATURE:0cxx_trailing_return_types
    Feature record: CXX_FEATURE:0cxx_unicode_literals
    Feature record: CXX_FEATURE:0cxx_uniform_initialization
    Feature record: CXX_FEATURE:0cxx_unrestricted_unions
    Feature record: CXX_FEATURE:0cxx_user_literals
    Feature record: CXX_FEATURE:0cxx_variable_templates
    Feature record: CXX_FEATURE:0cxx_variadic_macros
    Feature record: CXX_FEATURE:0cxx_variadic_templates
